#
# There is insufficient memory for the Java Runtime Environment to continue.
# Native memory allocation (mmap) failed to map 65536 bytes for committing reserved memory.
# Possible reasons:
#   The system is out of physical RAM or swap space
#   In 32 bit mode, the process size limit was hit
# Possible solutions:
#   Reduce memory load on the system
#   Increase physical memory or swap space
#   Check if swap backing store is full
#   Use 64 bit Java on a 64 bit OS
#   Decrease Java heap size (-Xmx/-Xms)
#   Decrease number of Java threads
#   Decrease Java thread stack sizes (-Xss)
#   Set larger code cache with -XX:ReservedCodeCacheSize=
# This output file may be truncated or incomplete.
#
#  Out of Memory Error (os_linux.cpp:2643), pid=938, tid=0x00007f259ce00700
#
# JRE version: OpenJDK Runtime Environment (8.0_181-b13) (build 1.8.0_181-8u181-b13-0ubuntu0.16.04.1-b13)
# Java VM: OpenJDK 64-Bit Server VM (25.181-b13 mixed mode linux-amd64 compressed oops)
# Failed to write core dump. Core dumps have been disabled. To enable core dumping, try "ulimit -c unlimited" before starting Java again
#

---------------  T H R E A D  ---------------

Current thread (0x00007f25980b5800):  JavaThread "C2 CompilerThread0" daemon [_thread_in_vm, id=956, stack(0x00007f259cd00000,0x00007f259ce01000)]

Stack: [0x00007f259cd00000,0x00007f259ce01000],  sp=0x00007f259cdfc5d0,  free space=1009k
Native frames: (J=compiled Java code, j=interpreted, Vv=VM code, C=native code)
V  [libjvm.so+0xa70edb]
V  [libjvm.so+0x4c893c]
V  [libjvm.so+0x8bda08]
V  [libjvm.so+0x8b7d9e]
V  [libjvm.so+0xa6d7c4]
V  [libjvm.so+0x5eb2bd]
V  [libjvm.so+0x449de6]
V  [libjvm.so+0x443ba9]
V  [libjvm.so+0x469c3c]
V  [libjvm.so+0x8ced37]
V  [libjvm.so+0x8d64e9]
V  [libjvm.so+0x46a6ec]
V  [libjvm.so+0x46d752]
V  [libjvm.so+0x3baf21]
V  [libjvm.so+0x4787db]
V  [libjvm.so+0x47a617]
V  [libjvm.so+0xa15547]
V  [libjvm.so+0xa15a0c]
V  [libjvm.so+0x8bae12]
C  [libpthread.so.0+0x76ba]  start_thread+0xca


Current CompileTask:
C2: 150288 1519   !   4       java.net.URLClassLoader$1::run (63 bytes)


---------------  P R O C E S S  ---------------

Java Threads: ( => current thread )
  0x00007f2578d18800 JavaThread "SparkListenerBus" daemon [_thread_blocked, id=1004, stack(0x00007f2565eab000,0x00007f2565fac000)]
  0x00007f2578ced000 JavaThread "context-cleaner-periodic-gc" daemon [_thread_blocked, id=1003, stack(0x00007f2565fac000,0x00007f25660ad000)]
  0x00007f2578ceb000 JavaThread "Spark Context Cleaner" daemon [_thread_in_Java, id=1002, stack(0x00007f25660ad000,0x00007f25661ae000)]
  0x00007f257891a000 JavaThread "shuffle-server-5-1" daemon [_thread_in_native, id=1001, stack(0x00007f25663ae000,0x00007f25664af000)]
  0x00007f2578916000 JavaThread "driver-heartbeater" daemon [_thread_in_vm, id=1000, stack(0x00007f25664af000,0x00007f25665b0000)]
  0x00007f2578963800 JavaThread "dag-scheduler-event-loop" daemon [_thread_blocked, id=999, stack(0x00007f25665b0000,0x00007f25666b1000)]
  0x00000000015dd800 JavaThread "netty-rpc-env-timeout" daemon [_thread_blocked, id=998, stack(0x00007f25666b1000,0x00007f25667b2000)]
  0x00007f25789b7000 JavaThread "Timer-0" daemon [_thread_blocked, id=997, stack(0x00007f25667b2000,0x00007f25668b3000)]
  0x00007f2584073000 JavaThread "heartbeat-receiver-event-loop-thread" daemon [_thread_blocked, id=996, stack(0x00007f25669b4000,0x00007f2566ab5000)]
  0x00007f2578940000 JavaThread "SparkUI-46" daemon [_thread_blocked, id=995, stack(0x00007f25668b3000,0x00007f25669b4000)]
  0x00007f25789c9800 JavaThread "SparkUI-45" daemon [_thread_blocked, id=994, stack(0x00007f25670bb000,0x00007f25671bc000)]
  0x00007f2578976800 JavaThread "SparkUI-44" daemon [_thread_blocked, id=993, stack(0x00007f2566fba000,0x00007f25670bb000)]
  0x00007f2578986800 JavaThread "SparkUI-43" daemon [_thread_blocked, id=992, stack(0x00007f2566eb9000,0x00007f2566fba000)]
  0x00007f25788ff800 JavaThread "SparkUI-42" daemon [_thread_blocked, id=991, stack(0x00007f2566db8000,0x00007f2566eb9000)]
  0x00007f2578985000 JavaThread "SparkUI-41" daemon [_thread_blocked, id=990, stack(0x00007f2566cb7000,0x00007f2566db8000)]
  0x00007f2578901800 JavaThread "SparkUI-40-acceptor-0@219eacf9-Spark@2f5946ba{HTTP/1.1}{0.0.0.0:4041}" daemon [_thread_in_native, id=989, stack(0x00007f2566bb6000,0x00007f2566cb7000)]
  0x00007f2578988800 JavaThread "SparkUI-39-selector-ServerConnectorManager@293a2d74/0" daemon [_thread_in_native, id=988, stack(0x00007f2566ab5000,0x00007f2566bb6000)]
  0x00007f25788c8000 JavaThread "refresh progress" daemon [_thread_in_vm, id=977, stack(0x00007f25673bc000,0x00007f25674bd000)]
  0x00007f2578892000 JavaThread "map-output-dispatcher-7" daemon [_thread_blocked, id=976, stack(0x00007f25676bd000,0x00007f25677be000)]
  0x00007f2578890000 JavaThread "map-output-dispatcher-6" daemon [_thread_blocked, id=975, stack(0x00007f25677be000,0x00007f25678bf000)]
  0x00007f2578910000 JavaThread "map-output-dispatcher-5" daemon [_thread_blocked, id=974, stack(0x00007f25678bf000,0x00007f25679c0000)]
  0x00007f257890e000 JavaThread "map-output-dispatcher-4" daemon [_thread_blocked, id=973, stack(0x00007f25679c0000,0x00007f2567ac1000)]
  0x00007f257890c800 JavaThread "map-output-dispatcher-3" daemon [_thread_blocked, id=972, stack(0x00007f2567ac1000,0x00007f2567bc2000)]
  0x00007f25788d6800 JavaThread "map-output-dispatcher-2" daemon [_thread_blocked, id=971, stack(0x00007f2567bc2000,0x00007f2567cc3000)]
  0x00007f25788d5800 JavaThread "map-output-dispatcher-1" daemon [_thread_blocked, id=970, stack(0x00007f2567cc3000,0x00007f2567dc4000)]
  0x00007f25788d4800 JavaThread "map-output-dispatcher-0" daemon [_thread_blocked, id=969, stack(0x00007f2567dc4000,0x00007f2567ec5000)]
  0x00007f2578827800 JavaThread "rpc-server-3-1" daemon [_thread_in_native, id=968, stack(0x00007f2567ec5000,0x00007f2567fc6000)]
  0x00007f25786ae000 JavaThread "dispatcher-event-loop-1" daemon [_thread_blocked, id=967, stack(0x00007f25683d9000,0x00007f25684da000)]
  0x00007f25786ab800 JavaThread "dispatcher-event-loop-0" daemon [_thread_blocked, id=966, stack(0x00007f2568cfe000,0x00007f2568dff000)]
  0x00007f256c2eb000 JavaThread "Thread-2" [_thread_in_Java, id=962, stack(0x00007f2588505000,0x00007f2588606000)]
  0x00007f2598d75000 JavaThread "Thread-1" [_thread_in_native, id=961, stack(0x00007f2588606000,0x00007f2588707000)]
  0x00007f2598d5c000 JavaThread "pool-1-thread-1" [_thread_blocked, id=960, stack(0x00007f2588707000,0x00007f2588808000)]
  0x00007f25980bb000 JavaThread "Service Thread" daemon [_thread_blocked, id=958, stack(0x00007f259cafe000,0x00007f259cbff000)]
  0x00007f25980b7800 JavaThread "C1 CompilerThread1" daemon [_thread_in_native, id=957, stack(0x00007f259cbff000,0x00007f259cd00000)]
=>0x00007f25980b5800 JavaThread "C2 CompilerThread0" daemon [_thread_in_vm, id=956, stack(0x00007f259cd00000,0x00007f259ce01000)]
  0x00007f25980b4000 JavaThread "Signal Dispatcher" daemon [_thread_blocked, id=955, stack(0x00007f259ce01000,0x00007f259cf02000)]
  0x00007f2598082000 JavaThread "Finalizer" daemon [_thread_blocked, id=954, stack(0x00007f259d09a000,0x00007f259d19b000)]
  0x00007f259807d000 JavaThread "Reference Handler" daemon [_thread_blocked, id=953, stack(0x00007f259d19b000,0x00007f259d29c000)]
  0x00007f2598011800 JavaThread "main" [_thread_in_native, id=951, stack(0x00007f25a1aa0000,0x00007f25a1ba1000)]

Other Threads:
  0x00007f2598075800 VMThread [stack: 0x00007f259d29c000,0x00007f259d39d000] [id=952]
  0x00007f25980bd800 WatcherThread [stack: 0x00007f259c9fd000,0x00007f259cafe000] [id=959]

VM state:not at safepoint (normal execution)

VM Mutex/Monitor currently owned by a thread:  ([mutex/lock_event])
[0x00007f259800cfe0] CodeCache_lock - owner thread: 0x00007f25980b5800

Heap:
 def new generation   total 4992K, used 4898K [0x00000000c0000000, 0x00000000c0560000, 0x00000000d5550000)
  eden space 4480K,  98% used [0x00000000c0000000, 0x00000000c0452018, 0x00000000c0460000)
  from space 512K,  92% used [0x00000000c0460000, 0x00000000c04d6a50, 0x00000000c04e0000)
  to   space 512K,   0% used [0x00000000c04e0000, 0x00000000c04e0000, 0x00000000c0560000)
 tenured generation   total 10944K, used 8137K [0x00000000d5550000, 0x00000000d6000000, 0x0000000100000000)
   the space 10944K,  74% used [0x00000000d5550000, 0x00000000d5d42660, 0x00000000d5d42800, 0x00000000d6000000)
 Metaspace       used 30128K, capacity 30318K, committed 30592K, reserved 1075200K
  class space    used 4082K, capacity 4172K, committed 4224K, reserved 1048576K

Card table byte_map: [0x00007f259df38000,0x00007f259e139000] byte_map_base: 0x00007f259d938000

Polling page: 0x00007f25a1bac000

CodeCache: size=245760Kb used=5107Kb max_used=5107Kb free=240652Kb
 bounds [0x00007f2589000000, 0x00007f2589500000, 0x00007f2598000000]
 total_blobs=2038 nmethods=1585 adapters=366
 compilation: enabled

Compilation events (10 events):
Event: 47.780 Thread 0x00007f25980b7800 1607       3       scala.collection.LinearSeqLike$class::iterator (9 bytes)
Event: 110.483 Thread 0x00007f25980b7800 nmethod 1607 0x00007f25894fed10 code [0x00007f25894feea0, 0x00007f25894ff210]
Event: 111.431 Thread 0x00007f25980b7800 1612       1       scala.collection.IndexedSeqLike$class::$init$ (1 bytes)
Event: 122.562 Thread 0x00007f25980b7800 nmethod 1612 0x00007f25894ff3d0 code [0x00007f25894ff520, 0x00007f25894ff610]
Event: 123.425 Thread 0x00007f25980b7800 1613       1       scala.collection.IndexedSeqOptimized$class::$init$ (1 bytes)
Event: 134.011 Thread 0x00007f25980b7800 nmethod 1613 0x00007f25894ff690 code [0x00007f25894ff7e0, 0x00007f25894ff8d0]
Event: 135.206 Thread 0x00007f25980b7800 1614       3       java.lang.Thread::interrupted (8 bytes)
Event: 146.477 Thread 0x00007f25980b7800 nmethod 1614 0x00007f25894ff950 code [0x00007f25894ffac0, 0x00007f25894ffc40]
Event: 147.002 Thread 0x00007f25980b7800 1623       1       scala.collection.mutable.Builder$class::$init$ (1 bytes)
Event: 149.335 Thread 0x00007f25980b7800 nmethod 1623 0x00007f25894ffd10 code [0x00007f25894ffe60, 0x00007f25894fff50]

GC Heap History (10 events):
Event: 4.491 GC heap before
{Heap before GC invocations=52 (full 1):
 def new generation   total 4992K, used 4791K [0x00000000c0000000, 0x00000000c0560000, 0x00000000d5550000)
  eden space 4480K, 100% used [0x00000000c0000000, 0x00000000c0460000, 0x00000000c0460000)
  from space 512K,  60% used [0x00000000c04e0000, 0x00000000c052dd60, 0x00000000c0560000)
  to   space 512K,   0% used [0x00000000c0460000, 0x00000000c0460000, 0x00000000c04e0000)
 tenured generation   total 10944K, used 7671K [0x00000000d5550000, 0x00000000d6000000, 0x0000000100000000)
   the space 10944K,  70% used [0x00000000d5550000, 0x00000000d5ccdc70, 0x00000000d5ccde00, 0x00000000d6000000)
 Metaspace       used 28159K, capacity 28398K, committed 28672K, reserved 1073152K
  class space    used 3878K, capacity 3980K, committed 4096K, reserved 1048576K
Event: 4.493 GC heap after
Heap after GC invocations=53 (full 1):
 def new generation   total 4992K, used 343K [0x00000000c0000000, 0x00000000c0560000, 0x00000000d5550000)
  eden space 4480K,   0% used [0x00000000c0000000, 0x00000000c0000000, 0x00000000c0460000)
  from space 512K,  67% used [0x00000000c0460000, 0x00000000c04b5fd8, 0x00000000c04e0000)
  to   space 512K,   0% used [0x00000000c04e0000, 0x00000000c04e0000, 0x00000000c0560000)
 tenured generation   total 10944K, used 7688K [0x00000000d5550000, 0x00000000d6000000, 0x0000000100000000)
   the space 10944K,  70% used [0x00000000d5550000, 0x00000000d5cd23e8, 0x00000000d5cd2400, 0x00000000d6000000)
 Metaspace       used 28159K, capacity 28398K, committed 28672K, reserved 1073152K
  class space    used 3878K, capacity 3980K, committed 4096K, reserved 1048576K
}
Event: 4.606 GC heap before
{Heap before GC invocations=53 (full 1):
 def new generation   total 4992K, used 4823K [0x00000000c0000000, 0x00000000c0560000, 0x00000000d5550000)
  eden space 4480K, 100% used [0x00000000c0000000, 0x00000000c0460000, 0x00000000c0460000)
  from space 512K,  67% used [0x00000000c0460000, 0x00000000c04b5fd8, 0x00000000c04e0000)
  to   space 512K,   0% used [0x00000000c04e0000, 0x00000000c04e0000, 0x00000000c0560000)
 tenured generation   total 10944K, used 7688K [0x00000000d5550000, 0x00000000d6000000, 0x0000000100000000)
   the space 10944K,  70% used [0x00000000d5550000, 0x00000000d5cd23e8, 0x00000000d5cd2400, 0x00000000d6000000)
 Metaspace       used 28419K, capacity 28622K, committed 28928K, reserved 1075200K
  class space    used 3920K, capacity 4012K, committed 4096K, reserved 1048576K
Event: 4.623 GC heap after
Heap after GC invocations=54 (full 1):
 def new generation   total 4992K, used 366K [0x00000000c0000000, 0x00000000c0560000, 0x00000000d5550000)
  eden space 4480K,   0% used [0x00000000c0000000, 0x00000000c0000000, 0x00000000c0460000)
  from space 512K,  71% used [0x00000000c04e0000, 0x00000000c053b800, 0x00000000c0560000)
  to   space 512K,   0% used [0x00000000c0460000, 0x00000000c0460000, 0x00000000c04e0000)
 tenured generation   total 10944K, used 7763K [0x00000000d5550000, 0x00000000d6000000, 0x0000000100000000)
   the space 10944K,  70% used [0x00000000d5550000, 0x00000000d5ce4e78, 0x00000000d5ce5000, 0x00000000d6000000)
 Metaspace       used 28419K, capacity 28622K, committed 28928K, reserved 1075200K
  class space    used 3920K, capacity 4012K, committed 4096K, reserved 1048576K
}
Event: 4.695 GC heap before
{Heap before GC invocations=54 (full 1):
 def new generation   total 4992K, used 4846K [0x00000000c0000000, 0x00000000c0560000, 0x00000000d5550000)
  eden space 4480K, 100% used [0x00000000c0000000, 0x00000000c0460000, 0x00000000c0460000)
  from space 512K,  71% used [0x00000000c04e0000, 0x00000000c053b800, 0x00000000c0560000)
  to   space 512K,   0% used [0x00000000c0460000, 0x00000000c0460000, 0x00000000c04e0000)
 tenured generation   total 10944K, used 7763K [0x00000000d5550000, 0x00000000d6000000, 0x0000000100000000)
   the space 10944K,  70% used [0x00000000d5550000, 0x00000000d5ce4e78, 0x00000000d5ce5000, 0x00000000d6000000)
 Metaspace       used 28808K, capacity 29038K, committed 29440K, reserved 1075200K
  class space    used 3949K, capacity 4044K, committed 4096K, reserved 1048576K
Event: 4.701 GC heap after
Heap after GC invocations=55 (full 1):
 def new generation   total 4992K, used 464K [0x00000000c0000000, 0x00000000c0560000, 0x00000000d5550000)
  eden space 4480K,   0% used [0x00000000c0000000, 0x00000000c0000000, 0x00000000c0460000)
  from space 512K,  90% used [0x00000000c0460000, 0x00000000c04d4228, 0x00000000c04e0000)
  to   space 512K,   0% used [0x00000000c04e0000, 0x00000000c04e0000, 0x00000000c0560000)
 tenured generation   total 10944K, used 7902K [0x00000000d5550000, 0x00000000d6000000, 0x0000000100000000)
   the space 10944K,  72% used [0x00000000d5550000, 0x00000000d5d07bf0, 0x00000000d5d07c00, 0x00000000d6000000)
 Metaspace       used 28808K, capacity 29038K, committed 29440K, reserved 1075200K
  class space    used 3949K, capacity 4044K, committed 4096K, reserved 1048576K
}
Event: 4.780 GC heap before
{Heap before GC invocations=55 (full 1):
 def new generation   total 4992K, used 4944K [0x00000000c0000000, 0x00000000c0560000, 0x00000000d5550000)
  eden space 4480K, 100% used [0x00000000c0000000, 0x00000000c0460000, 0x00000000c0460000)
  from space 512K,  90% used [0x00000000c0460000, 0x00000000c04d4228, 0x00000000c04e0000)
  to   space 512K,   0% used [0x00000000c04e0000, 0x00000000c04e0000, 0x00000000c0560000)
 tenured generation   total 10944K, used 7902K [0x00000000d5550000, 0x00000000d6000000, 0x0000000100000000)
   the space 10944K,  72% used [0x00000000d5550000, 0x00000000d5d07bf0, 0x00000000d5d07c00, 0x00000000d6000000)
 Metaspace       used 29219K, capacity 29454K, committed 29696K, reserved 1075200K
  class space    used 3988K, capacity 4076K, committed 4096K, reserved 1048576K
Event: 4.782 GC heap after
Heap after GC invocations=56 (full 1):
 def new generation   total 4992K, used 477K [0x00000000c0000000, 0x00000000c0560000, 0x00000000d5550000)
  eden space 4480K,   0% used [0x00000000c0000000, 0x00000000c0000000, 0x00000000c0460000)
  from space 512K,  93% used [0x00000000c04e0000, 0x00000000c0557770, 0x00000000c0560000)
  to   space 512K,   0% used [0x00000000c0460000, 0x00000000c0460000, 0x00000000c04e0000)
 tenured generation   total 10944K, used 8022K [0x00000000d5550000, 0x00000000d6000000, 0x0000000100000000)
   the space 10944K,  73% used [0x00000000d5550000, 0x00000000d5d25850, 0x00000000d5d25a00, 0x00000000d6000000)
 Metaspace       used 29219K, capacity 29454K, committed 29696K, reserved 1075200K
  class space    used 3988K, capacity 4076K, committed 4096K, reserved 1048576K
}
Event: 4.887 GC heap before
{Heap before GC invocations=56 (full 1):
 def new generation   total 4992K, used 4957K [0x00000000c0000000, 0x00000000c0560000, 0x00000000d5550000)
  eden space 4480K, 100% used [0x00000000c0000000, 0x00000000c0460000, 0x00000000c0460000)
  from space 512K,  93% used [0x00000000c04e0000, 0x00000000c0557770, 0x00000000c0560000)
  to   space 512K,   0% used [0x00000000c0460000, 0x00000000c0460000, 0x00000000c04e0000)
 tenured generation   total 10944K, used 8022K [0x00000000d5550000, 0x00000000d6000000, 0x0000000100000000)
   the space 10944K,  73% used [0x00000000d5550000, 0x00000000d5d25850, 0x00000000d5d25a00, 0x00000000d6000000)
 Metaspace       used 29599K, capacity 29806K, committed 30080K, reserved 1075200K
  class space    used 4032K, capacity 4108K, committed 4224K, reserved 1048576K
Event: 4.893 GC heap after
Heap after GC invocations=57 (full 1):
 def new generation   total 4992K, used 474K [0x00000000c0000000, 0x00000000c0560000, 0x00000000d5550000)
  eden space 4480K,   0% used [0x00000000c0000000, 0x00000000c0000000, 0x00000000c0460000)
  from space 512K,  92% used [0x00000000c0460000, 0x00000000c04d6a50, 0x00000000c04e0000)
  to   space 512K,   0% used [0x00000000c04e0000, 0x00000000c04e0000, 0x00000000c0560000)
 tenured generation   total 10944K, used 8137K [0x00000000d5550000, 0x00000000d6000000, 0x0000000100000000)
   the space 10944K,  74% used [0x00000000d5550000, 0x00000000d5d42660, 0x00000000d5d42800, 0x00000000d6000000)
 Metaspace       used 29599K, capacity 29806K, committed 30080K, reserved 1075200K
  class space    used 4032K, capacity 4108K, committed 4224K, reserved 1048576K
}

Deoptimization events (10 events):
Event: 1.534 Thread 0x00007f256c2eb000 Uncommon trap: reason=bimorphic action=maybe_recompile pc=0x00007f258924236c method=java.util.HashMap.getNode(ILjava/lang/Object;)Ljava/util/HashMap$Node; @ 126
Event: 1.721 Thread 0x00007f256c2eb000 Uncommon trap: reason=unstable_if action=reinterpret pc=0x00007f2589254b10 method=java.util.HashMap.getNode(ILjava/lang/Object;)Ljava/util/HashMap$Node; @ 62
Event: 2.053 Thread 0x00007f256c2eb000 Uncommon trap: reason=unstable_if action=reinterpret pc=0x00007f25892e83dc method=org.apache.xerces.impl.XMLEntityScanner.skipChar(I)Z @ 14
Event: 3.723 Thread 0x00007f256c2eb000 Uncommon trap: reason=unstable_if action=reinterpret pc=0x00007f25892bcc54 method=java.util.jar.Manifest$FastInputStream.readLine([BII)I @ 87
Event: 3.757 Thread 0x00007f256c2eb000 Uncommon trap: reason=unstable_if action=reinterpret pc=0x00007f258941c1b0 method=java.lang.ClassLoader.checkName(Ljava/lang/String;)Z @ 20
Event: 3.757 Thread 0x00007f256c2eb000 Uncommon trap: reason=unstable_if action=reinterpret pc=0x00007f25892bc59c method=java.lang.ClassLoader.checkName(Ljava/lang/String;)Z @ 20
Event: 3.899 Thread 0x00007f256c2eb000 Uncommon trap: reason=unstable_if action=reinterpret pc=0x00007f25893d4148 method=sun.net.www.protocol.jar.Handler.parseURL(Ljava/net/URL;Ljava/lang/String;II)V @ 94
Event: 4.177 Thread 0x00007f256c2eb000 Uncommon trap: reason=unstable_if action=reinterpret pc=0x00007f25894cfacc method=java.lang.ThreadLocal$ThreadLocalMap.getEntry(Ljava/lang/ThreadLocal;)Ljava/lang/ThreadLocal$ThreadLocalMap$Entry; @ 29
Event: 4.202 Thread 0x00007f25786ab800 Uncommon trap: reason=class_check action=maybe_recompile pc=0x00007f258936e7ac method=java.util.concurrent.ConcurrentHashMap.putVal(Ljava/lang/Object;Ljava/lang/Object;Z)Ljava/lang/Object; @ 192
Event: 4.292 Thread 0x00007f256c2eb000 Uncommon trap: reason=class_check action=maybe_recompile pc=0x00007f25893f0638 method=java.util.HashMap.putVal(ILjava/lang/Object;Ljava/lang/Object;ZZ)Ljava/lang/Object; @ 203

Classes redefined (0 events):
No events

Internal exceptions (10 events):
Event: 2.211 Thread 0x00007f256c2eb000 Exception <a 'java/lang/NoSuchFieldError': method resolution failed> (0x00000000c031ee98) thrown at [/build/openjdk-8-pREaNj/openjdk-8-8u181-b13/src/hotspot/src/share/vm/prims/methodHandles.cpp, line 1167]
Event: 2.326 Thread 0x00007f256c2eb000 Exception <a 'java/io/FileNotFoundException'> (0x00000000c041f5f0) thrown at [/build/openjdk-8-pREaNj/openjdk-8-8u181-b13/src/hotspot/src/share/vm/prims/jni.cpp, line 709]
Event: 2.326 Thread 0x00007f256c2eb000 Exception <a 'java/security/PrivilegedActionException'> (0x00000000c041fc40) thrown at [/build/openjdk-8-pREaNj/openjdk-8-8u181-b13/src/hotspot/src/share/vm/prims/jvm.cpp, line 1435]
Event: 2.326 Thread 0x00007f256c2eb000 Exception <a 'java/lang/reflect/InvocationTargetException'> (0x00000000c0421d00) thrown at [/build/openjdk-8-pREaNj/openjdk-8-8u181-b13/src/hotspot/src/share/vm/runtime/reflection.cpp, line 1092]
Event: 2.810 Thread 0x00007f256c2eb000 Exception <a 'java/lang/ArrayIndexOutOfBoundsException'> (0x00000000c0152ab0) thrown at [/build/openjdk-8-pREaNj/openjdk-8-8u181-b13/src/hotspot/src/share/vm/runtime/sharedRuntime.cpp, line 605]
Event: 2.810 Thread 0x00007f256c2eb000 Exception <a 'java/lang/ArrayIndexOutOfBoundsException'> (0x00000000c0153ef8) thrown at [/build/openjdk-8-pREaNj/openjdk-8-8u181-b13/src/hotspot/src/share/vm/runtime/sharedRuntime.cpp, line 605]
Event: 2.847 Thread 0x00007f256c2eb000 Exception <a 'java/lang/ClassCastException': sun.misc.Cleaner cannot be cast to java.lang.Runnable> (0x00000000c027da68) thrown at [/build/openjdk-8-pREaNj/openjdk-8-8u181-b13/src/hotspot/src/share/vm/interpreter/interpreterRuntime.cpp, line 381]
Event: 2.957 Thread 0x00007f256c2eb000 Exception <a 'java/lang/ArrayIndexOutOfBoundsException'> (0x00000000c0306788) thrown at [/build/openjdk-8-pREaNj/openjdk-8-8u181-b13/src/hotspot/src/share/vm/runtime/sharedRuntime.cpp, line 605]
Event: 2.958 Thread 0x00007f256c2eb000 Exception <a 'java/lang/ArrayIndexOutOfBoundsException'> (0x00000000c03077a0) thrown at [/build/openjdk-8-pREaNj/openjdk-8-8u181-b13/src/hotspot/src/share/vm/runtime/sharedRuntime.cpp, line 605]
Event: 3.911 Thread 0x00007f256c2eb000 Exception <a 'java/net/BindException'> (0x00000000c0193688) thrown at [/build/openjdk-8-pREaNj/openjdk-8-8u181-b13/src/hotspot/src/share/vm/prims/jni.cpp, line 709]

Events (10 events):
Event: 129.795 loading class org/codehaus/jackson/io/SegmentedStringWriter
Event: 130.157 loading class org/codehaus/jackson/io/SegmentedStringWriter done
Event: 140.163 loading class sun/management/GarbageCollectorImpl
Event: 142.091 loading class com/sun/management/GarbageCollectorMXBean
Event: 143.216 loading class java/lang/management/GarbageCollectorMXBean
Event: 143.669 loading class java/lang/management/GarbageCollectorMXBean done
Event: 144.562 loading class com/sun/management/GarbageCollectorMXBean done
Event: 145.730 loading class sun/management/GarbageCollectorImpl done
Event: 149.305 loading class org/apache/spark/executor/Executor$$anonfun$org$apache$spark$executor$Executor$$computeTotalGcTime$1
Event: 149.321 loading class org/apache/spark/executor/Executor$$anonfun$org$apache$spark$executor$Executor$$computeTotalGcTime$1 done


Dynamic libraries:
00400000-00401000 r-xp 00000000 ca:01 256949                             /usr/lib/jvm/java-8-openjdk-amd64/jre/bin/java
00600000-00601000 r--p 00000000 ca:01 256949                             /usr/lib/jvm/java-8-openjdk-amd64/jre/bin/java
00601000-00602000 rw-p 00001000 ca:01 256949                             /usr/lib/jvm/java-8-openjdk-amd64/jre/bin/java
015ba000-015fc000 rw-p 00000000 00:00 0                                  [heap]
c0000000-c0560000 rw-p 00000000 00:00 0 
c0560000-d5550000 ---p 00000000 00:00 0 
d5550000-d6000000 rw-p 00000000 00:00 0 
d6000000-100000000 ---p 00000000 00:00 0 
100000000-100420000 rw-p 00000000 00:00 0 
100420000-140000000 ---p 00000000 00:00 0 
7f2565cab000-7f2565e6b000 rw-p 00000000 00:00 0 
7f2565e6b000-7f2565eab000 ---p 00000000 00:00 0 
7f2565eab000-7f2565eae000 ---p 00000000 00:00 0 
7f2565eae000-7f2565fac000 rw-p 00000000 00:00 0 
7f2565fac000-7f2565faf000 ---p 00000000 00:00 0 
7f2565faf000-7f25660ad000 rw-p 00000000 00:00 0 
7f25660ad000-7f25660b0000 ---p 00000000 00:00 0 
7f25660b0000-7f25663ae000 rw-p 00000000 00:00 0 
7f25663ae000-7f25663b1000 ---p 00000000 00:00 0 
7f25663b1000-7f25664af000 rw-p 00000000 00:00 0 
7f25664af000-7f25664b2000 ---p 00000000 00:00 0 
7f25664b2000-7f25665b0000 rw-p 00000000 00:00 0 
7f25665b0000-7f25665b3000 ---p 00000000 00:00 0 
7f25665b3000-7f25666b1000 rw-p 00000000 00:00 0 
7f25666b1000-7f25666b4000 ---p 00000000 00:00 0 
7f25666b4000-7f25667b2000 rw-p 00000000 00:00 0 
7f25667b2000-7f25667b5000 ---p 00000000 00:00 0 
7f25667b5000-7f25668b3000 rw-p 00000000 00:00 0 
7f25668b3000-7f25668b6000 ---p 00000000 00:00 0 
7f25668b6000-7f25669b4000 rw-p 00000000 00:00 0 
7f25669b4000-7f25669b7000 ---p 00000000 00:00 0 
7f25669b7000-7f2566ab5000 rw-p 00000000 00:00 0 
7f2566ab5000-7f2566ab8000 ---p 00000000 00:00 0 
7f2566ab8000-7f2566bb6000 rw-p 00000000 00:00 0 
7f2566bb6000-7f2566bb9000 ---p 00000000 00:00 0 
7f2566bb9000-7f2566cb7000 rw-p 00000000 00:00 0 
7f2566cb7000-7f2566cba000 ---p 00000000 00:00 0 
7f2566cba000-7f2566db8000 rw-p 00000000 00:00 0 
7f2566db8000-7f2566dbb000 ---p 00000000 00:00 0 
7f2566dbb000-7f2566eb9000 rw-p 00000000 00:00 0 
7f2566eb9000-7f2566ebc000 ---p 00000000 00:00 0 
7f2566ebc000-7f2566fba000 rw-p 00000000 00:00 0 
7f2566fba000-7f2566fbd000 ---p 00000000 00:00 0 
7f2566fbd000-7f25670bb000 rw-p 00000000 00:00 0 
7f25670bb000-7f25670be000 ---p 00000000 00:00 0 
7f25670be000-7f25673bc000 rw-p 00000000 00:00 0 
7f25673bc000-7f25673bf000 ---p 00000000 00:00 0 
7f25673bf000-7f25676bd000 rw-p 00000000 00:00 0 
7f25676bd000-7f25676c0000 ---p 00000000 00:00 0 
7f25676c0000-7f25677be000 rw-p 00000000 00:00 0 
7f25677be000-7f25677c1000 ---p 00000000 00:00 0 
7f25677c1000-7f25678bf000 rw-p 00000000 00:00 0 
7f25678bf000-7f25678c2000 ---p 00000000 00:00 0 
7f25678c2000-7f25679c0000 rw-p 00000000 00:00 0 
7f25679c0000-7f25679c3000 ---p 00000000 00:00 0 
7f25679c3000-7f2567ac1000 rw-p 00000000 00:00 0 
7f2567ac1000-7f2567ac4000 ---p 00000000 00:00 0 
7f2567ac4000-7f2567bc2000 rw-p 00000000 00:00 0 
7f2567bc2000-7f2567bc5000 ---p 00000000 00:00 0 
7f2567bc5000-7f2567cc3000 rw-p 00000000 00:00 0 
7f2567cc3000-7f2567cc6000 ---p 00000000 00:00 0 
7f2567cc6000-7f2567dc4000 rw-p 00000000 00:00 0 
7f2567dc4000-7f2567dc7000 ---p 00000000 00:00 0 
7f2567dc7000-7f2567ec5000 rw-p 00000000 00:00 0 
7f2567ec5000-7f2567ec8000 ---p 00000000 00:00 0 
7f2567ec8000-7f2567fc6000 rw-p 00000000 00:00 0 
7f2567fc6000-7f2567fd7000 r-xp 00000000 ca:01 256909                     /usr/lib/jvm/java-8-openjdk-amd64/jre/lib/amd64/libnio.so
7f2567fd7000-7f25681d7000 ---p 00011000 ca:01 256909                     /usr/lib/jvm/java-8-openjdk-amd64/jre/lib/amd64/libnio.so
7f25681d7000-7f25681d8000 r--p 00011000 ca:01 256909                     /usr/lib/jvm/java-8-openjdk-amd64/jre/lib/amd64/libnio.so
7f25681d8000-7f25681d9000 rw-p 00012000 ca:01 256909                     /usr/lib/jvm/java-8-openjdk-amd64/jre/lib/amd64/libnio.so
7f25681d9000-7f25683d9000 rw-p 00000000 00:00 0 
7f25683d9000-7f25683dc000 ---p 00000000 00:00 0 
7f25683dc000-7f25686da000 rw-p 00000000 00:00 0 
7f25686da000-7f25686f1000 r-xp 00000000 ca:01 1984                       /lib/x86_64-linux-gnu/libresolv-2.23.so
7f25686f1000-7f25688f1000 ---p 00017000 ca:01 1984                       /lib/x86_64-linux-gnu/libresolv-2.23.so
7f25688f1000-7f25688f2000 r--p 00017000 ca:01 1984                       /lib/x86_64-linux-gnu/libresolv-2.23.so
7f25688f2000-7f25688f3000 rw-p 00018000 ca:01 1984                       /lib/x86_64-linux-gnu/libresolv-2.23.so
7f25688f3000-7f25688f5000 rw-p 00000000 00:00 0 
7f25688f5000-7f25688fa000 r-xp 00000000 ca:01 1990                       /lib/x86_64-linux-gnu/libnss_dns-2.23.so
7f25688fa000-7f2568afa000 ---p 00005000 ca:01 1990                       /lib/x86_64-linux-gnu/libnss_dns-2.23.so
7f2568afa000-7f2568afb000 r--p 00005000 ca:01 1990                       /lib/x86_64-linux-gnu/libnss_dns-2.23.so
7f2568afb000-7f2568afc000 rw-p 00006000 ca:01 1990                       /lib/x86_64-linux-gnu/libnss_dns-2.23.so
7f2568afc000-7f2568afd000 r-xp 00000000 ca:01 256908                     /usr/lib/jvm/java-8-openjdk-amd64/jre/lib/amd64/libjaas_unix.so
7f2568afd000-7f2568cfc000 ---p 00001000 ca:01 256908                     /usr/lib/jvm/java-8-openjdk-amd64/jre/lib/amd64/libjaas_unix.so
7f2568cfc000-7f2568cfd000 r--p 00000000 ca:01 256908                     /usr/lib/jvm/java-8-openjdk-amd64/jre/lib/amd64/libjaas_unix.so
7f2568cfd000-7f2568cfe000 rw-p 00001000 ca:01 256908                     /usr/lib/jvm/java-8-openjdk-amd64/jre/lib/amd64/libjaas_unix.so
7f2568cfe000-7f2568d01000 ---p 00000000 00:00 0 
7f2568d01000-7f2568fff000 rw-p 00000000 00:00 0 
7f2568fff000-7f256c000000 rw-p 00000000 00:00 0 
7f256c000000-7f256c47a000 rw-p 00000000 00:00 0 
7f256c47a000-7f2570000000 ---p 00000000 00:00 0 
7f2570000000-7f2570021000 rw-p 00000000 00:00 0 
7f2570021000-7f2574000000 ---p 00000000 00:00 0 
7f2574000000-7f2574021000 rw-p 00000000 00:00 0 
7f2574021000-7f2578000000 ---p 00000000 00:00 0 
7f2578000000-7f257a993000 rw-p 00000000 00:00 0 
7f257a993000-7f257c000000 ---p 00000000 00:00 0 
7f257c000000-7f257c021000 rw-p 00000000 00:00 0 
7f257c021000-7f2580000000 ---p 00000000 00:00 0 
7f2580000000-7f2580021000 rw-p 00000000 00:00 0 
7f2580021000-7f2584000000 ---p 00000000 00:00 0 
7f2584000000-7f25840ba000 rw-p 00000000 00:00 0 
7f25840ba000-7f2588000000 ---p 00000000 00:00 0 
7f25880aa000-7f25880af000 r--s 0009d000 ca:01 256862                     /usr/lib/jvm/java-8-openjdk-amd64/jre/lib/jsse.jar
7f25880af000-7f25880c2000 r--s 00346000 ca:01 256864                     /usr/lib/jvm/java-8-openjdk-amd64/jre/lib/resources.jar
7f25880c2000-7f25880c5000 ---p 00000000 00:00 0 
7f25880c5000-7f25882fb000 rw-p 00000000 00:00 0 
7f25882fb000-7f2588304000 r-xp 00000000 ca:01 256894                     /usr/lib/jvm/java-8-openjdk-amd64/jre/lib/amd64/libmanagement.so
7f2588304000-7f2588503000 ---p 00009000 ca:01 256894                     /usr/lib/jvm/java-8-openjdk-amd64/jre/lib/amd64/libmanagement.so
7f2588503000-7f2588504000 r--p 00008000 ca:01 256894                     /usr/lib/jvm/java-8-openjdk-amd64/jre/lib/amd64/libmanagement.so
7f2588504000-7f2588505000 rw-p 00009000 ca:01 256894                     /usr/lib/jvm/java-8-openjdk-amd64/jre/lib/amd64/libmanagement.so
7f2588505000-7f2588508000 ---p 00000000 00:00 0 
7f2588508000-7f2588606000 rw-p 00000000 00:00 0 
7f2588606000-7f2588609000 ---p 00000000 00:00 0 
7f2588609000-7f2588707000 rw-p 00000000 00:00 0 
7f2588707000-7f258870a000 ---p 00000000 00:00 0 
7f258870a000-7f2588a08000 rw-p 00000000 00:00 0 
7f2588a08000-7f2588a1f000 r-xp 00000000 ca:01 256888                     /usr/lib/jvm/java-8-openjdk-amd64/jre/lib/amd64/libnet.so
7f2588a1f000-7f2588c1e000 ---p 00017000 ca:01 256888                     /usr/lib/jvm/java-8-openjdk-amd64/jre/lib/amd64/libnet.so
7f2588c1e000-7f2588c1f000 r--p 00016000 ca:01 256888                     /usr/lib/jvm/java-8-openjdk-amd64/jre/lib/amd64/libnet.so
7f2588c1f000-7f2588c20000 rw-p 00017000 ca:01 256888                     /usr/lib/jvm/java-8-openjdk-amd64/jre/lib/amd64/libnet.so
7f2588c20000-7f2588c23000 r--s 00015000 ca:01 261533                     /home/ubuntu/spark-2.1.1-bin-hadoop2.7/jars/javax.servlet-api-3.1.0.jar
7f2588c23000-7f2588c4f000 r--s 001c9000 ca:01 261798                     /home/ubuntu/spark-2.1.1-bin-hadoop2.7/jars/shapeless_2.11-2.0.0.jar
7f2588c4f000-7f2588c5a000 r--s 000b0000 ca:01 261731                     /home/ubuntu/spark-2.1.1-bin-hadoop2.7/jars/jtransforms-2.4.0.jar
7f2588c5a000-7f2588c60000 r--s 00043000 ca:01 261858                     /home/ubuntu/spark-2.1.1-bin-hadoop2.7/jars/commons-configuration-1.6.jar
7f2588c60000-7f2588c64000 r--s 00019000 ca:01 261784                     /home/ubuntu/spark-2.1.1-bin-hadoop2.7/jars/javax.ws.rs-api-2.0.1.jar
7f2588c64000-7f2588c66000 r--s 00009000 ca:01 261839                     /home/ubuntu/spark-2.1.1-bin-hadoop2.7/jars/commons-cli-1.2.jar
7f2588c66000-7f2588c70000 r--s 00095000 ca:01 261728                     /home/ubuntu/spark-2.1.1-bin-hadoop2.7/jars/scala-xml_2.11-1.0.2.jar
7f2588c70000-7f2588c75000 r--s 00031000 ca:01 261744                     /home/ubuntu/spark-2.1.1-bin-hadoop2.7/jars/parquet-hadoop-1.8.1.jar
7f2588c75000-7f2588c79000 r--s 00020000 ca:01 261720                     /home/ubuntu/spark-2.1.1-bin-hadoop2.7/jars/commons-digester-1.8.jar
7f2588c79000-7f2588c7b000 r--s 00027000 ca:01 261790                     /home/ubuntu/spark-2.1.1-bin-hadoop2.7/jars/core-1.1.2.jar
7f2588c7b000-7f2588c92000 r--s 00183000 ca:01 261753                     /home/ubuntu/spark-2.1.1-bin-hadoop2.7/jars/hadoop-yarn-common-2.7.3.jar
7f2588c92000-7f2588c93000 r--s 00004000 ca:01 261711                     /home/ubuntu/spark-2.1.1-bin-hadoop2.7/jars/eigenbase-properties-1.1.5.jar
7f2588c93000-7f2588c99000 r--s 00044000 ca:01 261763                     /home/ubuntu/spark-2.1.1-bin-hadoop2.7/jars/antlr4-runtime-4.5.3.jar
7f2588c99000-7f2588c9b000 r--s 0000b000 ca:01 261840                     /home/ubuntu/spark-2.1.1-bin-hadoop2.7/jars/chill-java-0.8.0.jar
7f2588c9b000-7f2588ca5000 r--s 00086000 ca:01 261718                     /home/ubuntu/spark-2.1.1-bin-hadoop2.7/jars/json4s-core_2.11-3.2.11.jar
7f2588ca5000-7f2588ca7000 r--s 0000f000 ca:01 261566                     /home/ubuntu/spark-2.1.1-bin-hadoop2.7/jars/activation-1.1.1.jar
7f2588ca7000-7f2588cab000 r--s 00031000 ca:01 261583                     /home/ubuntu/spark-2.1.1-bin-hadoop2.7/jars/jline-2.12.1.jar
7f2588cab000-7f2588cb1000 r--s 00028000 ca:01 261745                     /home/ubuntu/spark-2.1.1-bin-hadoop2.7/jars/curator-framework-2.6.0.jar
7f2588cb1000-7f2588cbe000 r--s 000b1000 ca:01 261545                     /home/ubuntu/spark-2.1.1-bin-hadoop2.7/jars/hadoop-mapreduce-client-common-2.7.3.jar
7f2588cbe000-7f2588cc0000 r--s 00009000 ca:01 261758                     /home/ubuntu/spark-2.1.1-bin-hadoop2.7/jars/jackson-module-paranamer-2.6.5.jar
7f2588cc0000-7f2588cc1000 r--s 00009000 ca:01 261845                     /home/ubuntu/spark-2.1.1-bin-hadoop2.7/jars/slf4j-api-1.7.16.jar
7f2588cc1000-7f2588cc3000 r--s 00012000 ca:01 261803                     /home/ubuntu/spark-2.1.1-bin-hadoop2.7/jars/api-util-1.0.0-M20.jar
7f2588cc3000-7f2588ccb000 r--s 00066000 ca:01 261732                     /home/ubuntu/spark-2.1.1-bin-hadoop2.7/jars/apache-log4j-extras-1.2.17.jar
7f2588ccb000-7f2588ccd000 r--s 00004000 ca:01 261587                     /home/ubuntu/spark-2.1.1-bin-hadoop2.7/jars/stax-api-1.0-2.jar
7f2588ccd000-7f2588cdb000 r--s 00078000 ca:01 261756                     /home/ubuntu/spark-2.1.1-bin-hadoop2.7/jars/spark-mesos_2.11-2.1.1.jar
7f2588cdb000-7f2588d09000 r--s 00212000 ca:01 261712                     /home/ubuntu/spark-2.1.1-bin-hadoop2.7/jars/spark-network-common_2.11-2.1.1.jar
7f2588d09000-7f2588d11000 r--s 0006e000 ca:01 261765                     /home/ubuntu/spark-2.1.1-bin-hadoop2.7/jars/commons-lang3-3.5.jar
7f2588d11000-7f2588d27000 r--s 001a4000 ca:01 261613                     /home/ubuntu/spark-2.1.1-bin-hadoop2.7/jars/datanucleus-rdbms-3.2.9.jar
7f2588d27000-7f2588d38000 r--s 0010d000 ca:01 261714                     /home/ubuntu/spark-2.1.1-bin-hadoop2.7/jars/jackson-databind-2.6.5.jar
7f2588d38000-7f2588d5c000 r--s 001cd000 ca:01 261855                     /home/ubuntu/spark-2.1.1-bin-hadoop2.7/jars/commons-math3-3.4.1.jar
7f2588d5c000-7f2588dd0000 r--s 00574000 ca:01 261739                     /home/ubuntu/spark-2.1.1-bin-hadoop2.7/jars/spark-mllib_2.11-2.1.1.jar
7f2588dd0000-7f2588e5b000 r--s 0069e000 ca:01 261713                     /home/ubuntu/spark-2.1.1-bin-hadoop2.7/jars/spark-catalyst_2.11-2.1.1.jar
7f2588e5b000-7f2588e5d000 r--s 00020000 ca:01 261749                     /home/ubuntu/spark-2.1.1-bin-hadoop2.7/jars/hive-beeline-1.2.1.spark2.jar
7f2588e5d000-7f2588e64000 r--s 00049000 ca:01 261736                     /home/ubuntu/spark-2.1.1-bin-hadoop2.7/jars/httpcore-4.4.4.jar
7f2588e64000-7f2588e66000 r--s 00014000 ca:01 261717                     /home/ubuntu/spark-2.1.1-bin-hadoop2.7/jars/spire-macros_2.11-0.7.4.jar
7f2588e66000-7f2588e67000 r--s 00001000 ca:01 261621                     /home/ubuntu/spark-2.1.1-bin-hadoop2.7/jars/pmml-schema-1.2.15.jar
7f2588e67000-7f2588e6b000 r--s 00028000 ca:01 261573                     /home/ubuntu/spark-2.1.1-bin-hadoop2.7/jars/jetty-util-6.1.26.jar
7f2588e6b000-7f2588e6e000 r--s 00006000 ca:01 261721                     /home/ubuntu/spark-2.1.1-bin-hadoop2.7/jars/jsr305-1.3.9.jar
7f2588e6e000-7f2588e6f000 r--s 00004000 ca:01 261710                     /home/ubuntu/spark-2.1.1-bin-hadoop2.7/jars/jackson-jaxrs-1.9.13.jar
7f2588e6f000-7f2588e70000 r--s 00009000 ca:01 261830                     /home/ubuntu/spark-2.1.1-bin-hadoop2.7/jars/hive-cli-1.2.1.spark2.jar
7f2588e70000-7f2588e72000 r--s 0000a000 ca:01 261612                     /home/ubuntu/spark-2.1.1-bin-hadoop2.7/jars/spark-unsafe_2.11-2.1.1.jar
7f2588e72000-7f2588e76000 r--s 0002a000 ca:01 261747                     /home/ubuntu/spark-2.1.1-bin-hadoop2.7/jars/commons-io-2.4.jar
7f2588e76000-7f2588e7e000 r--s 00059000 ca:01 261611                     /home/ubuntu/spark-2.1.1-bin-hadoop2.7/jars/javolution-5.5.1.jar
7f2588e7e000-7f2588e7f000 r--s 00003000 ca:01 261568                     /home/ubuntu/spark-2.1.1-bin-hadoop2.7/jars/jta-1.1.jar
7f2588e7f000-7f2588e82000 r--s 00009000 ca:01 261751                     /home/ubuntu/spark-2.1.1-bin-hadoop2.7/jars/jackson-annotations-2.6.5.jar
7f2588e82000-7f2588e9d000 r--s 001d8000 ca:01 261572                     /home/ubuntu/spark-2.1.1-bin-hadoop2.7/jars/jets3t-0.9.3.jar
7f2588e9d000-7f2588ea2000 r--s 0002a000 ca:01 261576                     /home/ubuntu/spark-2.1.1-bin-hadoop2.7/jars/commons-beanutils-1.7.0.jar
7f2588ea2000-7f2588ea4000 r--s 00006000 ca:01 261588                     /home/ubuntu/spark-2.1.1-bin-hadoop2.7/jars/paranamer-2.3.jar
7f2588ea4000-7f2588ea8000 r--s 0002c000 ca:01 261748                     /home/ubuntu/spark-2.1.1-bin-hadoop2.7/jars/avro-ipc-1.7.7.jar
7f2588ea8000-7f2588ea9000 r--s 00003000 ca:01 261594                     /home/ubuntu/spark-2.1.1-bin-hadoop2.7/jars/xmlenc-0.52.jar
7f2588ea9000-7f2588ec6000 r--s 001d5000 ca:01 261860                     /home/ubuntu/spark-2.1.1-bin-hadoop2.7/jars/hadoop-yarn-api-2.7.3.jar
7f2588ec6000-7f2588ec7000 r--s 00004000 ca:01 261716                     /home/ubuntu/spark-2.1.1-bin-hadoop2.7/jars/opencsv-2.3.jar
7f2588ec7000-7f2588ecb000 r--s 00014000 ca:01 261856                     /home/ubuntu/spark-2.1.1-bin-hadoop2.7/jars/xz-1.0.jar
7f2588ecb000-7f2588ece000 r--s 000fd000 ca:01 261604                     /home/ubuntu/spark-2.1.1-bin-hadoop2.7/jars/leveldbjni-all-1.8.jar
7f2588ece000-7f2588ed4000 r--s 00063000 ca:01 261849                     /home/ubuntu/spark-2.1.1-bin-hadoop2.7/jars/jodd-core-3.5.2.jar
7f2588ed4000-7f2588ed8000 r--s 00030000 ca:01 261532                     /home/ubuntu/spark-2.1.1-bin-hadoop2.7/jars/commons-net-2.2.jar
7f2588ed8000-7f2588edc000 r--s 00028000 ca:01 261608                     /home/ubuntu/spark-2.1.1-bin-hadoop2.7/jars/spark-mllib-local_2.11-2.1.1.jar
7f2588edc000-7f2588ee3000 r--s 0007d000 ca:01 261722                     /home/ubuntu/spark-2.1.1-bin-hadoop2.7/jars/jetty-6.1.26.jar
7f2588ee3000-7f2588ee6000 r--s 0002f000 ca:01 261546                     /home/ubuntu/spark-2.1.1-bin-hadoop2.7/jars/RoaringBitmap-0.5.11.jar
7f2588ee6000-7f2588ee7000 r--s 00004000 ca:01 261866                     /home/ubuntu/spark-2.1.1-bin-hadoop2.7/jars/osgi-resource-locator-1.0.1.jar
7f2588ee7000-7f2588f08000 r--s 0019b000 ca:01 261796                     /home/ubuntu/spark-2.1.1-bin-hadoop2.7/jars/spark-hive-thriftserver_2.11-2.1.1.jar
7f2588f08000-7f2588f0d000 r--s 00041000 ca:01 261740                     /home/ubuntu/spark-2.1.1-bin-hadoop2.7/jars/commons-lang-2.6.jar
7f2588f0d000-7f2588f14000 r--s 0005d000 ca:01 261793                     /home/ubuntu/spark-2.1.1-bin-hadoop2.7/jars/mx4j-3.0.2.jar
7f2588f14000-7f2588f16000 r--s 0000e000 ca:01 261821                     /home/ubuntu/spark-2.1.1-bin-hadoop2.7/jars/guice-servlet-3.0.jar
7f2588f16000-7f2588f1e000 r--s 0007b000 ca:01 261737                     /home/ubuntu/spark-2.1.1-bin-hadoop2.7/jars/protobuf-java-2.5.0.jar
7f2588f1e000-7f2588f27000 r--s 00062000 ca:01 261580                     /home/ubuntu/spark-2.1.1-bin-hadoop2.7/jars/avro-1.7.7.jar
7f2588f27000-7f2588f29000 r--s 00003000 ca:01 261733                     /home/ubuntu/spark-2.1.1-bin-hadoop2.7/jars/jcl-over-slf4j-1.7.16.jar
7f2588f29000-7f2588ff9000 r--s 00cf0000 ca:01 261540                     /home/ubuntu/spark-2.1.1-bin-hadoop2.7/jars/breeze_2.11-0.12.jar
7f2588ff9000-7f2588ffb000 r--s 00006000 ca:01 261578                     /home/ubuntu/spark-2.1.1-bin-hadoop2.7/jars/spark-sketch_2.11-2.1.1.jar
7f2588ffb000-7f2589000000 r--s 00068000 ca:01 261791                     /home/ubuntu/spark-2.1.1-bin-hadoop2.7/jars/antlr-2.7.7.jar
7f2589000000-7f2589500000 rwxp 00000000 00:00 0 
7f2589510000-7f2598000000 ---p 00000000 00:00 0 
7f2598000000-7f2598db1000 rw-p 00000000 00:00 0 
7f2598db1000-7f259c000000 ---p 00000000 00:00 0 
7f259c000000-7f259c001000 r--s 00002000 ca:01 261619                     /home/ubuntu/spark-2.1.1-bin-hadoop2.7/jars/slf4j-log4j12-1.7.16.jar
7f259c001000-7f259c003000 r--s 00000000 ca:01 261759                     /home/ubuntu/spark-2.1.1-bin-hadoop2.7/jars/aopalliance-1.0.jar
7f259c003000-7f259c005000 r--s 00012000 ca:01 261730                     /home/ubuntu/spark-2.1.1-bin-hadoop2.7/jars/compress-lzf-1.0.3.jar
7f259c005000-7f259c012000 r--s 0009e000 ca:01 261822                     /home/ubuntu/spark-2.1.1-bin-hadoop2.7/jars/spark-graphx_2.11-2.1.1.jar
7f259c012000-7f259c017000 r--s 00028000 ca:01 261841                     /home/ubuntu/spark-2.1.1-bin-hadoop2.7/jars/avro-mapred-1.7.7-hadoop2.jar
7f259c017000-7f259c02d000 r--s 00124000 ca:01 261833                     /home/ubuntu/spark-2.1.1-bin-hadoop2.7/jars/ivy-2.4.0.jar
7f259c02d000-7f259c035000 r--s 00078000 ca:01 261805                     /home/ubuntu/spark-2.1.1-bin-hadoop2.7/jars/mail-1.4.7.jar
7f259c035000-7f259c03a000 r--s 0004e000 ca:01 261582                     /home/ubuntu/spark-2.1.1-bin-hadoop2.7/jars/datanucleus-api-jdo-3.2.6.jar
7f259c03a000-7f259c112000 r--s 00a88000 ca:01 261543                     /home/ubuntu/spark-2.1.1-bin-hadoop2.7/jars/spark-core_2.11-2.1.1.jar
7f259c112000-7f259c12a000 r--s 001b6000 ca:01 261569                     /home/ubuntu/spark-2.1.1-bin-hadoop2.7/jars/datanucleus-core-3.2.10.jar
7f259c12a000-7f259c13e000 r--s 000ec000 ca:01 261539                     /home/ubuntu/spark-2.1.1-bin-hadoop2.7/jars/parquet-jackson-1.8.1.jar
7f259c13e000-7f259c140000 r--s 0000e000 ca:01 261785                     /home/ubuntu/spark-2.1.1-bin-hadoop2.7/jars/hadoop-mapreduce-client-jobclient-2.7.3.jar
7f259c140000-7f259c142000 r--s 0000e000 ca:01 261536                     /home/ubuntu/spark-2.1.1-bin-hadoop2.7/jars/oro-2.0.8.jar
7f259c142000-7f259c144000 r--s 00003000 ca:01 261826                     /home/ubuntu/spark-2.1.1-bin-hadoop2.7/jars/JavaEWAH-0.3.2.jar
7f259c144000-7f259c146000 r--s 0000f000 ca:01 261757                     /home/ubuntu/spark-2.1.1-bin-hadoop2.7/jars/spark-launcher_2.11-2.1.1.jar
7f259c146000-7f259c168000 r--s 00335000 ca:01 261750                     /home/ubuntu/spark-2.1.1-bin-hadoop2.7/jars/mesos-1.0.0-shaded-protobuf.jar
7f259c168000-7f259c169000 r--s 00001000 ca:01 261610                     /home/ubuntu/spark-2.1.1-bin-hadoop2.7/jars/minlog-1.3.0.jar
7f259c169000-7f259c16c000 r--s 0001a000 ca:01 261834                     /home/ubuntu/spark-2.1.1-bin-hadoop2.7/jars/py4j-0.10.4.jar
7f259c16c000-7f259c16d000 r--s 00009000 ca:01 261601                     /home/ubuntu/spark-2.1.1-bin-hadoop2.7/jars/json4s-jackson_2.11-3.2.11.jar
7f259c16d000-7f259c16f000 r--s 0000d000 ca:01 261725                     /home/ubuntu/spark-2.1.1-bin-hadoop2.7/jars/hadoop-yarn-server-web-proxy-2.7.3.jar
7f259c16f000-7f259c1d2000 r--s 004de000 ca:01 261719                     /home/ubuntu/spark-2.1.1-bin-hadoop2.7/jars/hive-metastore-1.2.1.spark2.jar
7f259c1d2000-7f259c1d9000 r--s 00039000 ca:01 261727                     /home/ubuntu/spark-2.1.1-bin-hadoop2.7/jars/calcite-avatica-1.2.0-incubating.jar
7f259c1d9000-7f259c1e0000 r--s 0003f000 ca:01 261603                     /home/ubuntu/spark-2.1.1-bin-hadoop2.7/jars/commons-codec-1.10.jar
7f259c1e0000-7f259c1e2000 r--s 00100000 ca:01 261842                     /home/ubuntu/spark-2.1.1-bin-hadoop2.7/jars/snappy-java-1.1.2.6.jar
7f259c1e2000-7f259c1e6000 r--s 00029000 ca:01 261591                     /home/ubuntu/spark-2.1.1-bin-hadoop2.7/jars/hk2-locator-2.4.0-b34.jar
7f259c1e6000-7f259c1e9000 r--s 0000d000 ca:01 261742                     /home/ubuntu/spark-2.1.1-bin-hadoop2.7/jars/spark-network-shuffle_2.11-2.1.1.jar
7f259c1e9000-7f259c1ea000 r--s 00006000 ca:01 261788                     /home/ubuntu/spark-2.1.1-bin-hadoop2.7/jars/jackson-xc-1.9.13.jar
7f259c1ea000-7f259c200000 r--s 000d1000 ca:01 261585                     /home/ubuntu/spark-2.1.1-bin-hadoop2.7/jars/parquet-column-1.8.1.jar
7f259c200000-7f259c225000 rw-p 00000000 00:00 0 
7f259c225000-7f259c331000 r--s 00dba000 ca:01 261859                     /home/ubuntu/spark-2.1.1-bin-hadoop2.7/jars/scala-compiler-2.11.8.jar
7f259c331000-7f259c332000 r--s 00002000 ca:01 261764                     /home/ubuntu/spark-2.1.1-bin-hadoop2.7/jars/jpam-1.1.jar
7f259c332000-7f259c341000 r--s 0009f000 ca:01 261734                     /home/ubuntu/spark-2.1.1-bin-hadoop2.7/jars/guice-3.0.jar
7f259c341000-7f259c35a000 r--s 00150000 ca:01 261626                     /home/ubuntu/spark-2.1.1-bin-hadoop2.7/jars/htrace-core-3.1.0-incubating.jar
7f259c35a000-7f259c370000 r--s 000d3000 ca:01 261625                     /home/ubuntu/spark-2.1.1-bin-hadoop2.7/jars/jersey-server-2.22.2.jar
7f259c370000-7f259c372000 r--s 00008000 ca:01 261581                     /home/ubuntu/spark-2.1.1-bin-hadoop2.7/jars/parquet-common-1.8.1.jar
7f259c372000-7f259c374000 r--s 00002000 ca:01 261606                     /home/ubuntu/spark-2.1.1-bin-hadoop2.7/jars/aopalliance-repackaged-2.4.0-b34.jar
7f259c374000-7f259c378000 r--s 0003c000 ca:01 261854                     /home/ubuntu/spark-2.1.1-bin-hadoop2.7/jars/jackson-core-2.6.5.jar
7f259c378000-7f259c383000 r--s 00062000 ca:01 261729                     /home/ubuntu/spark-2.1.1-bin-hadoop2.7/jars/calcite-linq4j-1.2.0-incubating.jar
7f259c383000-7f259c3b9000 r--s 0031c000 ca:01 261565                     /home/ubuntu/spark-2.1.1-bin-hadoop2.7/jars/hadoop-common-2.7.3.jar
7f259c3b9000-7f259c3bd000 r--s 0001a000 ca:01 261579                     /home/ubuntu/spark-2.1.1-bin-hadoop2.7/jars/hk2-utils-2.4.0-b34.jar
7f259c3bd000-7f259c3c9000 r--s 000b6000 ca:01 261831                     /home/ubuntu/spark-2.1.1-bin-hadoop2.7/jars/zookeeper-3.4.6.jar
7f259c3c9000-7f259c3cf000 r--s 00040000 ca:01 261709                     /home/ubuntu/spark-2.1.1-bin-hadoop2.7/jars/parquet-encoding-1.8.1.jar
7f259c3cf000-7f259c3d4000 r--s 00036000 ca:01 261574                     /home/ubuntu/spark-2.1.1-bin-hadoop2.7/jars/commons-compress-1.4.1.jar
7f259c3d4000-7f259c401000 r--s 001d4000 ca:01 261863                     /home/ubuntu/spark-2.1.1-bin-hadoop2.7/jars/spark-streaming_2.11-2.1.1.jar
7f259c401000-7f259c404000 r--s 00022000 ca:01 261806                     /home/ubuntu/spark-2.1.1-bin-hadoop2.7/jars/stringtemplate-3.2.1.jar
7f259c404000-7f259c40b000 r--s 00036000 ca:01 261624                     /home/ubuntu/spark-2.1.1-bin-hadoop2.7/jars/curator-recipes-2.6.0.jar
7f259c40b000-7f259c40f000 r--s 00029000 ca:01 261548                     /home/ubuntu/spark-2.1.1-bin-hadoop2.7/jars/breeze-macros_2.11-0.12.jar
7f259c40f000-7f259c413000 r--s 00036000 ca:01 261851                     /home/ubuntu/spark-2.1.1-bin-hadoop2.7/jars/ST4-4.0.4.jar
7f259c413000-7f259c417000 r--s 00018000 ca:01 261584                     /home/ubuntu/spark-2.1.1-bin-hadoop2.7/jars/metrics-core-3.1.2.jar
7f259c417000-7f259c425000 r--s 000b1000 ca:01 261754                     /home/ubuntu/spark-2.1.1-bin-hadoop2.7/jars/jackson-mapper-asl-1.9.13.jar
7f259c425000-7f259c435000 r--s 000a0000 ca:01 261599                     /home/ubuntu/spark-2.1.1-bin-hadoop2.7/jars/spark-yarn_2.11-2.1.1.jar
7f259c435000-7f259c436000 r--s 00003000 ca:01 261590                     /home/ubuntu/spark-2.1.1-bin-hadoop2.7/jars/spark-tags_2.11-2.1.1.jar
7f259c436000-7f259c448000 r--s 00097000 ca:01 261804                     /home/ubuntu/spark-2.1.1-bin-hadoop2.7/jars/apacheds-kerberos-codec-2.0.0-M15.jar
7f259c448000-7f259c44b000 r--s 00017000 ca:01 261800                     /home/ubuntu/spark-2.1.1-bin-hadoop2.7/jars/jaxb-api-2.2.2.jar
7f259c44b000-7f259c44d000 r--s 00009000 ca:01 261848                     /home/ubuntu/spark-2.1.1-bin-hadoop2.7/jars/objenesis-2.1.jar
7f259c44d000-7f259c4b8000 r--s 00784000 ca:01 261535                     /home/ubuntu/spark-2.1.1-bin-hadoop2.7/jars/hadoop-hdfs-2.7.3.jar
7f259c4b8000-7f259c4ba000 r--s 00010000 ca:01 261752                     /home/ubuntu/spark-2.1.1-bin-hadoop2.7/jars/jersey-media-jaxb-2.22.2.jar
7f259c4ba000-7f259c4c7000 r--s 00083000 ca:01 261598                     /home/ubuntu/spark-2.1.1-bin-hadoop2.7/jars/commons-collections-3.2.2.jar
7f259c4c7000-7f259c4ce000 r--s 00051000 ca:01 261542                     /home/ubuntu/spark-2.1.1-bin-hadoop2.7/jars/kryo-shaded-3.0.3.jar
7f259c4ce000-7f259c505000 r--s 00325000 ca:01 261802                     /home/ubuntu/spark-2.1.1-bin-hadoop2.7/jars/calcite-core-1.2.0-incubating.jar
7f259c505000-7f259c508000 r--s 00012000 ca:01 261602                     /home/ubuntu/spark-2.1.1-bin-hadoop2.7/jars/json4s-ast_2.11-3.2.11.jar
7f259c508000-7f259c50a000 r--s 0000e000 ca:01 261794                     /home/ubuntu/spark-2.1.1-bin-hadoop2.7/jars/commons-logging-1.1.3.jar
7f259c50a000-7f259c5b3000 r--s 00a4f000 ca:01 261801                     /home/ubuntu/spark-2.1.1-bin-hadoop2.7/jars/hive-exec-1.2.1.spark2.jar
7f259c5b3000-7f259c5b4000 r--s 0000b000 ca:01 261631                     /home/ubuntu/spark-2.1.1-bin-hadoop2.7/jars/snappy-0.2.jar
7f259c5b4000-7f259c5b7000 r--s 00028000 ca:01 261541                     /home/ubuntu/spark-2.1.1-bin-hadoop2.7/jars/stream-2.7.0.jar
7f259c5b7000-7f259c5eb000 r--s 00277000 ca:01 261592                     /home/ubuntu/spark-2.1.1-bin-hadoop2.7/jars/parquet-hadoop-bundle-1.6.0.jar
7f259c5eb000-7f259c5ef000 r--s 0000c000 ca:01 261617                     /home/ubuntu/spark-2.1.1-bin-hadoop2.7/jars/validation-api-1.1.0.Final.jar
7f259c5ef000-7f259c618000 r--s 001ee000 ca:01 261862                     /home/ubuntu/spark-2.1.1-bin-hadoop2.7/jars/guava-14.0.1.jar
7f259c618000-7f259c625000 r--s 00071000 ca:01 261832                     /home/ubuntu/spark-2.1.1-bin-hadoop2.7/jars/jackson-module-scala_2.11-2.6.5.jar
7f259c625000-7f259c63e000 r--s 00114000 ca:01 261577                     /home/ubuntu/spark-2.1.1-bin-hadoop2.7/jars/spark-hive_2.11-2.1.1.jar
7f259c63e000-7f259c656000 r--s 00115000 ca:01 261824                     /home/ubuntu/spark-2.1.1-bin-hadoop2.7/jars/netty-3.8.0.Final.jar
7f259c656000-7f259c6af000 r--s 00522000 ca:01 261865                     /home/ubuntu/spark-2.1.1-bin-hadoop2.7/jars/scala-library-2.11.8.jar
7f259c6af000-7f259c6b6000 r--s 00049000 ca:01 261852                     /home/ubuntu/spark-2.1.1-bin-hadoop2.7/jars/univocity-parsers-2.2.1.jar
7f259c6b6000-7f259c702000 r--s 00411000 ca:01 261857                     /home/ubuntu/spark-2.1.1-bin-hadoop2.7/jars/scala-reflect-2.11.8.jar
7f259c702000-7f259c710000 r--s 0009d000 ca:01 261614                     /home/ubuntu/spark-2.1.1-bin-hadoop2.7/jars/jersey-common-2.22.2.jar
7f259c710000-7f259c71a000 r--s 000aa000 ca:01 261762                     /home/ubuntu/spark-2.1.1-bin-hadoop2.7/jars/janino-3.0.0.jar
7f259c71a000-7f259c71b000 r--s 00008000 ca:01 261844                     /home/ubuntu/spark-2.1.1-bin-hadoop2.7/jars/commons-compiler-3.0.0.jar
7f259c71b000-7f259c724000 r--s 00097000 ca:01 261837                     /home/ubuntu/spark-2.1.1-bin-hadoop2.7/jars/pmml-model-1.2.15.jar
7f259c724000-7f259c726000 r--s 00005000 ca:01 261741                     /home/ubuntu/spark-2.1.1-bin-hadoop2.7/jars/stax-api-1.0.1.jar
7f259c726000-7f259c72a000 r--s 00035000 ca:01 261597                     /home/ubuntu/spark-2.1.1-bin-hadoop2.7/jars/jackson-core-asl-1.9.13.jar
7f259c72a000-7f259c72d000 r--s 00019000 ca:01 261530                     /home/ubuntu/spark-2.1.1-bin-hadoop2.7/jars/bonecp-0.8.0.RELEASE.jar
7f259c72d000-7f259c72f000 r--s 00038000 ca:01 261789                     /home/ubuntu/spark-2.1.1-bin-hadoop2.7/jars/lz4-1.3.0.jar
7f259c72f000-7f259c748000 r--s 00164000 ca:01 261738                     /home/ubuntu/spark-2.1.1-bin-hadoop2.7/jars/hadoop-mapreduce-client-core-2.7.3.jar
7f259c748000-7f259c74b000 r--s 00026000 ca:01 261792                     /home/ubuntu/spark-2.1.1-bin-hadoop2.7/jars/hadoop-yarn-client-2.7.3.jar
7f259c74b000-7f259c74d000 r--s 00017000 ca:01 261607                     /home/ubuntu/spark-2.1.1-bin-hadoop2.7/jars/hive-jdbc-1.2.1.spark2.jar
7f259c74d000-7f259c7ce000 r--s 005d9000 ca:01 261746                     /home/ubuntu/spark-2.1.1-bin-hadoop2.7/jars/spark-sql_2.11-2.1.1.jar
7f259c7ce000-7f259c7cf000 r--s 00006000 ca:01 261755                     /home/ubuntu/spark-2.1.1-bin-hadoop2.7/jars/hadoop-client-2.7.3.jar
7f259c7cf000-7f259c7d6000 r--s 00058000 ca:01 261609                     /home/ubuntu/spark-2.1.1-bin-hadoop2.7/jars/hadoop-yarn-server-common-2.7.3.jar
7f259c7d6000-7f259c7d7000 r--s 0000a000 ca:01 261616                     /home/ubuntu/spark-2.1.1-bin-hadoop2.7/jars/apacheds-i18n-2.0.0-M15.jar
7f259c7d7000-7f259c7d8000 r--s 00000000 ca:01 261600                     /home/ubuntu/spark-2.1.1-bin-hadoop2.7/jars/javax.inject-1.jar
7f259c7d8000-7f259c7de000 r--s 00045000 ca:01 261605                     /home/ubuntu/spark-2.1.1-bin-hadoop2.7/jars/commons-httpclient-3.1.jar
7f259c7de000-7f259c7eb000 r--s 000a7000 ca:01 261627                     /home/ubuntu/spark-2.1.1-bin-hadoop2.7/jars/httpclient-4.5.2.jar
7f259c7eb000-7f259c7ed000 r--s 0001f000 ca:01 261825                     /home/ubuntu/spark-2.1.1-bin-hadoop2.7/jars/commons-crypto-1.0.0.jar
7f259c7ed000-7f259c7f2000 r--s 0002a000 ca:01 261735                     /home/ubuntu/spark-2.1.1-bin-hadoop2.7/jars/gson-2.2.4.jar
7f259c7f2000-7f259c832000 r--s 00277000 ca:01 261767                     /home/ubuntu/spark-2.1.1-bin-hadoop2.7/jars/bcprov-jdk15on-1.51.jar
7f259c832000-7f259c835000 r--s 00016000 ca:01 261593                     /home/ubuntu/spark-2.1.1-bin-hadoop2.7/jars/jsp-api-2.1.jar
7f259c835000-7f259c836000 r--s 00001000 ca:01 261838                     /home/ubuntu/spark-2.1.1-bin-hadoop2.7/jars/javax.inject-2.4.0-b34.jar
7f259c836000-7f259c837000 r--s 00002000 ca:01 261586                     /home/ubuntu/spark-2.1.1-bin-hadoop2.7/jars/java-xmlbuilder-1.0.jar
7f259c837000-7f259c839000 r--s 00015000 ca:01 261547                     /home/ubuntu/spark-2.1.1-bin-hadoop2.7/jars/hadoop-auth-2.7.3.jar
7f259c839000-7f259c83d000 r--s 0002f000 ca:01 261795                     /home/ubuntu/spark-2.1.1-bin-hadoop2.7/jars/commons-beanutils-core-1.8.0.jar
7f259c83d000-7f259c86c000 r--s 002e5000 ca:01 261846                     /home/ubuntu/spark-2.1.1-bin-hadoop2.7/jars/derby-10.12.1.1.jar
7f259c86c000-7f259c86e000 r--s 00008000 ca:01 261544                     /home/ubuntu/spark-2.1.1-bin-hadoop2.7/jars/metrics-jvm-3.1.2.jar
7f259c86e000-7f259c871000 r--s 00015000 ca:01 261723                     /home/ubuntu/spark-2.1.1-bin-hadoop2.7/jars/pyrolite-4.13.jar
7f259c871000-7f259c873000 r--s 0000e000 ca:01 261760                     /home/ubuntu/spark-2.1.1-bin-hadoop2.7/jars/spark-repl_2.11-2.1.1.jar
7f259c873000-7f259c87c000 r--s 0006f000 ca:01 261724                     /home/ubuntu/spark-2.1.1-bin-hadoop2.7/jars/log4j-1.2.17.jar
7f259c87c000-7f259c880000 r--s 00025000 ca:01 261850                     /home/ubuntu/spark-2.1.1-bin-hadoop2.7/jars/jersey-client-2.22.2.jar
7f259c880000-7f259c887000 r--s 00058000 ca:01 261589                     /home/ubuntu/spark-2.1.1-bin-hadoop2.7/jars/parquet-format-2.3.0-incubating.jar
7f259c887000-7f259c889000 r--s 00003000 ca:01 261615                     /home/ubuntu/spark-2.1.1-bin-hadoop2.7/jars/api-asn1-api-1.0.0-M20.jar
7f259c889000-7f259c893000 r--s 0007b000 ca:01 261847                     /home/ubuntu/spark-2.1.1-bin-hadoop2.7/jars/hadoop-mapreduce-client-app-2.7.3.jar
7f259c893000-7f259c896000 r--s 0000e000 ca:01 261575                     /home/ubuntu/spark-2.1.1-bin-hadoop2.7/jars/jersey-container-servlet-core-2.22.2.jar
7f259c896000-7f259c89a000 r--s 00025000 ca:01 261538                     /home/ubuntu/spark-2.1.1-bin-hadoop2.7/jars/antlr-runtime-3.4.jar
7f259c89a000-7f259c8ab000 r--s 00089000 ca:01 261623                     /home/ubuntu/spark-2.1.1-bin-hadoop2.7/jars/joda-time-2.9.3.jar
7f259c8ab000-7f259c8ad000 r--s 00005000 ca:01 261743                     /home/ubuntu/spark-2.1.1-bin-hadoop2.7/jars/javax.annotation-api-1.2.jar
7f259c8ad000-7f259c8b2000 r--s 00032000 ca:01 261864                     /home/ubuntu/spark-2.1.1-bin-hadoop2.7/jars/chill_2.11-0.8.0.jar
7f259c8b2000-7f259c8bd000 r--s 0005d000 ca:01 261853                     /home/ubuntu/spark-2.1.1-bin-hadoop2.7/jars/scala-parser-combinators_2.11-1.0.4.jar
7f259c8bd000-7f259c8cf000 r--s 00112000 ca:01 261835                     /home/ubuntu/spark-2.1.1-bin-hadoop2.7/jars/arpack_combined_all-0.1.jar
7f259c8cf000-7f259c8e7000 r--s 000d6000 ca:01 261571                     /home/ubuntu/spark-2.1.1-bin-hadoop2.7/jars/jersey-guava-2.22.2.jar
7f259c8e7000-7f259c8ed000 r--s 0002c000 ca:01 261828                     /home/ubuntu/spark-2.1.1-bin-hadoop2.7/jars/jdo-api-3.0.1.jar
7f259c8ed000-7f259c8f4000 r--s 00046000 ca:01 261797                     /home/ubuntu/spark-2.1.1-bin-hadoop2.7/jars/libfb303-0.9.3.jar
7f259c8f4000-7f259c8f6000 r--s 00010000 ca:01 261622                     /home/ubuntu/spark-2.1.1-bin-hadoop2.7/jars/hadoop-mapreduce-client-shuffle-2.7.3.jar
7f259c8f6000-7f259c8f8000 r--s 00000000 ca:01 261836                     /home/ubuntu/spark-2.1.1-bin-hadoop2.7/jars/jul-to-slf4j-1.7.16.jar
7f259c8f8000-7f259c8fb000 r--s 00014000 ca:01 261761                     /home/ubuntu/spark-2.1.1-bin-hadoop2.7/jars/super-csv-2.2.0.jar
7f259c8fb000-7f259c90d000 r--s 000b3000 ca:01 261829                     /home/ubuntu/spark-2.1.1-bin-hadoop2.7/jars/scalap-2.11.8.jar
7f259c90d000-7f259c90f000 r--s 00003000 ca:01 261843                     /home/ubuntu/spark-2.1.1-bin-hadoop2.7/jars/base64-2.3.8.jar
7f259c90f000-7f259c911000 r--s 00003000 ca:01 261570                     /home/ubuntu/spark-2.1.1-bin-hadoop2.7/jars/jersey-container-servlet-2.22.2.jar
7f259c911000-7f259c91b000 r--s 000a5000 ca:01 261766                     /home/ubuntu/spark-2.1.1-bin-hadoop2.7/jars/javassist-3.18.1-GA.jar
7f259c91b000-7f259c91c000 r--s 00009000 ca:01 261534                     /home/ubuntu/spark-2.1.1-bin-hadoop2.7/jars/hadoop-annotations-2.7.3.jar
7f259c91c000-7f259c934000 r--s 00115000 ca:01 261537                     /home/ubuntu/spark-2.1.1-bin-hadoop2.7/jars/xercesImpl-2.9.1.jar
7f259c934000-7f259c937000 r--s 00021000 ca:01 261596                     /home/ubuntu/spark-2.1.1-bin-hadoop2.7/jars/xbean-asm5-shaded-4.4.jar
7f259c937000-7f259c93a000 r--s 00025000 ca:01 261618                     /home/ubuntu/spark-2.1.1-bin-hadoop2.7/jars/commons-dbcp-1.4.jar
7f259c93a000-7f259c961000 r--s 0020f000 ca:01 261726                     /home/ubuntu/spark-2.1.1-bin-hadoop2.7/jars/netty-all-4.0.42.Final.jar
7f259c961000-7f259c964000 r--s 00015000 ca:01 261620                     /home/ubuntu/spark-2.1.1-bin-hadoop2.7/jars/commons-pool-1.5.4.jar
7f259c964000-7f259c9b9000 r--s 0069c000 ca:01 261595                     /home/ubuntu/spark-2.1.1-bin-hadoop2.7/jars/spire_2.11-0.7.4.jar
7f259c9b9000-7f259c9bb000 r--s 00004000 ca:01 261787                     /home/ubuntu/spark-2.1.1-bin-hadoop2.7/jars/metrics-graphite-3.1.2.jar
7f259c9bb000-7f259c9bc000 r--s 00003000 ca:01 261827                     /home/ubuntu/spark-2.1.1-bin-hadoop2.7/jars/metrics-json-3.1.2.jar
7f259c9bc000-7f259c9c1000 r--s 00027000 ca:01 261861                     /home/ubuntu/spark-2.1.1-bin-hadoop2.7/jars/hk2-api-2.4.0-b34.jar
7f259c9c1000-7f259c9c7000 r--s 00034000 ca:01 261799                     /home/ubuntu/spark-2.1.1-bin-hadoop2.7/jars/libthrift-0.9.3.jar
7f259c9c7000-7f259c9e2000 r--s 001d6000 ca:01 256870                     /usr/lib/jvm/java-8-openjdk-amd64/jre/lib/ext/nashorn.jar
7f259c9e2000-7f259c9fd000 r--s 00394000 ca:01 256871                     /usr/lib/jvm/java-8-openjdk-amd64/jre/lib/ext/cldrdata.jar
7f259c9fd000-7f259c9fe000 ---p 00000000 00:00 0 
7f259c9fe000-7f259cafe000 rw-p 00000000 00:00 0 
7f259cafe000-7f259cb01000 ---p 00000000 00:00 0 
7f259cb01000-7f259cbff000 rw-p 00000000 00:00 0 
7f259cbff000-7f259cc02000 ---p 00000000 00:00 0 
7f259cc02000-7f259cd00000 rw-p 00000000 00:00 0 
7f259cd00000-7f259cd03000 ---p 00000000 00:00 0 
7f259cd03000-7f259ce01000 rw-p 00000000 00:00 0 
7f259ce01000-7f259ce04000 ---p 00000000 00:00 0 
7f259ce04000-7f259cf02000 rw-p 00000000 00:00 0 
7f259cf02000-7f259d09a000 r--p 00000000 ca:01 29052                      /usr/lib/locale/locale-archive
7f259d09a000-7f259d09d000 ---p 00000000 00:00 0 
7f259d09d000-7f259d19b000 rw-p 00000000 00:00 0 
7f259d19b000-7f259d19e000 ---p 00000000 00:00 0 
7f259d19e000-7f259d29c000 rw-p 00000000 00:00 0 
7f259d29c000-7f259d29d000 ---p 00000000 00:00 0 
7f259d29d000-7f259d39d000 rw-p 00000000 00:00 0 
7f259d39d000-7f259d56c000 r--s 03c32000 ca:01 256863                     /usr/lib/jvm/java-8-openjdk-amd64/jre/lib/rt.jar
7f259d56c000-7f259dde2000 rw-p 00000000 00:00 0 
7f259dde2000-7f259dde8000 rw-p 00000000 00:00 0 
7f259dde8000-7f259df38000 ---p 00000000 00:00 0 
7f259df38000-7f259df3b000 rw-p 00000000 00:00 0 
7f259df3b000-7f259dfe2000 ---p 00000000 00:00 0 
7f259dfe2000-7f259dfe8000 rw-p 00000000 00:00 0 
7f259dfe8000-7f259e138000 ---p 00000000 00:00 0 
7f259e138000-7f259e14d000 rw-p 00000000 00:00 0 
7f259e14d000-7f259e4f9000 ---p 00000000 00:00 0 
7f259e4f9000-7f259e501000 r-xp 00000000 ca:01 256902                     /usr/lib/jvm/java-8-openjdk-amd64/jre/lib/amd64/libzip.so
7f259e501000-7f259e700000 ---p 00008000 ca:01 256902                     /usr/lib/jvm/java-8-openjdk-amd64/jre/lib/amd64/libzip.so
7f259e700000-7f259e701000 r--p 00007000 ca:01 256902                     /usr/lib/jvm/java-8-openjdk-amd64/jre/lib/amd64/libzip.so
7f259e701000-7f259e702000 rw-p 00008000 ca:01 256902                     /usr/lib/jvm/java-8-openjdk-amd64/jre/lib/amd64/libzip.so
7f259e702000-7f259e70d000 r-xp 00000000 ca:01 1993                       /lib/x86_64-linux-gnu/libnss_files-2.23.so
7f259e70d000-7f259e90c000 ---p 0000b000 ca:01 1993                       /lib/x86_64-linux-gnu/libnss_files-2.23.so
7f259e90c000-7f259e90d000 r--p 0000a000 ca:01 1993                       /lib/x86_64-linux-gnu/libnss_files-2.23.so
7f259e90d000-7f259e90e000 rw-p 0000b000 ca:01 1993                       /lib/x86_64-linux-gnu/libnss_files-2.23.so
7f259e90e000-7f259e914000 rw-p 00000000 00:00 0 
7f259e914000-7f259e91f000 r-xp 00000000 ca:01 1997                       /lib/x86_64-linux-gnu/libnss_nis-2.23.so
7f259e91f000-7f259eb1e000 ---p 0000b000 ca:01 1997                       /lib/x86_64-linux-gnu/libnss_nis-2.23.so
7f259eb1e000-7f259eb1f000 r--p 0000a000 ca:01 1997                       /lib/x86_64-linux-gnu/libnss_nis-2.23.so
7f259eb1f000-7f259eb20000 rw-p 0000b000 ca:01 1997                       /lib/x86_64-linux-gnu/libnss_nis-2.23.so
7f259eb20000-7f259eb36000 r-xp 00000000 ca:01 1977                       /lib/x86_64-linux-gnu/libnsl-2.23.so
7f259eb36000-7f259ed35000 ---p 00016000 ca:01 1977                       /lib/x86_64-linux-gnu/libnsl-2.23.so
7f259ed35000-7f259ed36000 r--p 00015000 ca:01 1977                       /lib/x86_64-linux-gnu/libnsl-2.23.so
7f259ed36000-7f259ed37000 rw-p 00016000 ca:01 1977                       /lib/x86_64-linux-gnu/libnsl-2.23.so
7f259ed37000-7f259ed39000 rw-p 00000000 00:00 0 
7f259ed39000-7f259ed41000 r-xp 00000000 ca:01 1988                       /lib/x86_64-linux-gnu/libnss_compat-2.23.so
7f259ed41000-7f259ef40000 ---p 00008000 ca:01 1988                       /lib/x86_64-linux-gnu/libnss_compat-2.23.so
7f259ef40000-7f259ef41000 r--p 00007000 ca:01 1988                       /lib/x86_64-linux-gnu/libnss_compat-2.23.so
7f259ef41000-7f259ef42000 rw-p 00008000 ca:01 1988                       /lib/x86_64-linux-gnu/libnss_compat-2.23.so
7f259ef42000-7f259ef6f000 r-xp 00000000 ca:01 256919                     /usr/lib/jvm/java-8-openjdk-amd64/jre/lib/amd64/libjava.so
7f259ef6f000-7f259f16e000 ---p 0002d000 ca:01 256919                     /usr/lib/jvm/java-8-openjdk-amd64/jre/lib/amd64/libjava.so
7f259f16e000-7f259f16f000 r--p 0002c000 ca:01 256919                     /usr/lib/jvm/java-8-openjdk-amd64/jre/lib/amd64/libjava.so
7f259f16f000-7f259f171000 rw-p 0002d000 ca:01 256919                     /usr/lib/jvm/java-8-openjdk-amd64/jre/lib/amd64/libjava.so
7f259f171000-7f259f180000 r-xp 00000000 ca:01 256907                     /usr/lib/jvm/java-8-openjdk-amd64/jre/lib/amd64/libverify.so
7f259f180000-7f259f37f000 ---p 0000f000 ca:01 256907                     /usr/lib/jvm/java-8-openjdk-amd64/jre/lib/amd64/libverify.so
7f259f37f000-7f259f381000 r--p 0000e000 ca:01 256907                     /usr/lib/jvm/java-8-openjdk-amd64/jre/lib/amd64/libverify.so
7f259f381000-7f259f382000 rw-p 00010000 ca:01 256907                     /usr/lib/jvm/java-8-openjdk-amd64/jre/lib/amd64/libverify.so
7f259f382000-7f259f389000 r-xp 00000000 ca:01 1998                       /lib/x86_64-linux-gnu/librt-2.23.so
7f259f389000-7f259f588000 ---p 00007000 ca:01 1998                       /lib/x86_64-linux-gnu/librt-2.23.so
7f259f588000-7f259f589000 r--p 00006000 ca:01 1998                       /lib/x86_64-linux-gnu/librt-2.23.so
7f259f589000-7f259f58a000 rw-p 00007000 ca:01 1998                       /lib/x86_64-linux-gnu/librt-2.23.so
7f259f58a000-7f259f5a0000 r-xp 00000000 ca:01 1975                       /lib/x86_64-linux-gnu/libgcc_s.so.1
7f259f5a0000-7f259f79f000 ---p 00016000 ca:01 1975                       /lib/x86_64-linux-gnu/libgcc_s.so.1
7f259f79f000-7f259f7a0000 rw-p 00015000 ca:01 1975                       /lib/x86_64-linux-gnu/libgcc_s.so.1
7f259f7a0000-7f259f8a8000 r-xp 00000000 ca:01 1976                       /lib/x86_64-linux-gnu/libm-2.23.so
7f259f8a8000-7f259faa7000 ---p 00108000 ca:01 1976                       /lib/x86_64-linux-gnu/libm-2.23.so
7f259faa7000-7f259faa8000 r--p 00107000 ca:01 1976                       /lib/x86_64-linux-gnu/libm-2.23.so
7f259faa8000-7f259faa9000 rw-p 00108000 ca:01 1976                       /lib/x86_64-linux-gnu/libm-2.23.so
7f259faa9000-7f259fc1b000 r-xp 00000000 ca:01 7979                       /usr/lib/x86_64-linux-gnu/libstdc++.so.6.0.21
7f259fc1b000-7f259fe1b000 ---p 00172000 ca:01 7979                       /usr/lib/x86_64-linux-gnu/libstdc++.so.6.0.21
7f259fe1b000-7f259fe25000 r--p 00172000 ca:01 7979                       /usr/lib/x86_64-linux-gnu/libstdc++.so.6.0.21
7f259fe25000-7f259fe27000 rw-p 0017c000 ca:01 7979                       /usr/lib/x86_64-linux-gnu/libstdc++.so.6.0.21
7f259fe27000-7f259fe2b000 rw-p 00000000 00:00 0 
7f259fe2b000-7f25a0a88000 r-xp 00000000 ca:01 256884                     /usr/lib/jvm/java-8-openjdk-amd64/jre/lib/amd64/server/libjvm.so
7f25a0a88000-7f25a0c88000 ---p 00c5d000 ca:01 256884                     /usr/lib/jvm/java-8-openjdk-amd64/jre/lib/amd64/server/libjvm.so
7f25a0c88000-7f25a0d1c000 r--p 00c5d000 ca:01 256884                     /usr/lib/jvm/java-8-openjdk-amd64/jre/lib/amd64/server/libjvm.so
7f25a0d1c000-7f25a0d45000 rw-p 00cf1000 ca:01 256884                     /usr/lib/jvm/java-8-openjdk-amd64/jre/lib/amd64/server/libjvm.so
7f25a0d45000-7f25a0d75000 rw-p 00000000 00:00 0 
7f25a0d75000-7f25a0d8d000 r-xp 00000000 ca:01 1979                       /lib/x86_64-linux-gnu/libpthread-2.23.so
7f25a0d8d000-7f25a0f8c000 ---p 00018000 ca:01 1979                       /lib/x86_64-linux-gnu/libpthread-2.23.so
7f25a0f8c000-7f25a0f8d000 r--p 00017000 ca:01 1979                       /lib/x86_64-linux-gnu/libpthread-2.23.so
7f25a0f8d000-7f25a0f8e000 rw-p 00018000 ca:01 1979                       /lib/x86_64-linux-gnu/libpthread-2.23.so
7f25a0f8e000-7f25a0f92000 rw-p 00000000 00:00 0 
7f25a0f92000-7f25a0f95000 r-xp 00000000 ca:01 1982                       /lib/x86_64-linux-gnu/libdl-2.23.so
7f25a0f95000-7f25a1194000 ---p 00003000 ca:01 1982                       /lib/x86_64-linux-gnu/libdl-2.23.so
7f25a1194000-7f25a1195000 r--p 00002000 ca:01 1982                       /lib/x86_64-linux-gnu/libdl-2.23.so
7f25a1195000-7f25a1196000 rw-p 00003000 ca:01 1982                       /lib/x86_64-linux-gnu/libdl-2.23.so
7f25a1196000-7f25a11af000 r-xp 00000000 ca:01 2129                       /lib/x86_64-linux-gnu/libz.so.1.2.8
7f25a11af000-7f25a13ae000 ---p 00019000 ca:01 2129                       /lib/x86_64-linux-gnu/libz.so.1.2.8
7f25a13ae000-7f25a13af000 r--p 00018000 ca:01 2129                       /lib/x86_64-linux-gnu/libz.so.1.2.8
7f25a13af000-7f25a13b0000 rw-p 00019000 ca:01 2129                       /lib/x86_64-linux-gnu/libz.so.1.2.8
7f25a13b0000-7f25a1570000 r-xp 00000000 ca:01 1980                       /lib/x86_64-linux-gnu/libc-2.23.so
7f25a1570000-7f25a1770000 ---p 001c0000 ca:01 1980                       /lib/x86_64-linux-gnu/libc-2.23.so
7f25a1770000-7f25a1774000 r--p 001c0000 ca:01 1980                       /lib/x86_64-linux-gnu/libc-2.23.so
7f25a1774000-7f25a1776000 rw-p 001c4000 ca:01 1980                       /lib/x86_64-linux-gnu/libc-2.23.so
7f25a1776000-7f25a177a000 rw-p 00000000 00:00 0 
7f25a177a000-7f25a1787000 r-xp 00000000 ca:01 256904                     /usr/lib/jvm/java-8-openjdk-amd64/jre/lib/amd64/jli/libjli.so
7f25a1787000-7f25a1987000 ---p 0000d000 ca:01 256904                     /usr/lib/jvm/java-8-openjdk-amd64/jre/lib/amd64/jli/libjli.so
7f25a1987000-7f25a1988000 r--p 0000d000 ca:01 256904                     /usr/lib/jvm/java-8-openjdk-amd64/jre/lib/amd64/jli/libjli.so
7f25a1988000-7f25a1989000 rw-p 0000e000 ca:01 256904                     /usr/lib/jvm/java-8-openjdk-amd64/jre/lib/amd64/jli/libjli.so
7f25a1989000-7f25a19af000 r-xp 00000000 ca:01 1978                       /lib/x86_64-linux-gnu/ld-2.23.so
7f25a19af000-7f25a19b1000 r--s 0000f000 ca:01 261715                     /home/ubuntu/spark-2.1.1-bin-hadoop2.7/jars/curator-client-2.6.0.jar
7f25a19b1000-7f25a19b4000 r--s 0000f000 ca:01 256869                     /usr/lib/jvm/java-8-openjdk-amd64/jre/lib/ext/icedtea-sound.jar
7f25a19b4000-7f25a19b7000 r--s 00038000 ca:01 256872                     /usr/lib/jvm/java-8-openjdk-amd64/jre/lib/ext/sunpkcs11.jar
7f25a19b7000-7f25a19bd000 r--s 0003b000 ca:01 256877                     /usr/lib/jvm/java-8-openjdk-amd64/jre/lib/ext/sunjce_provider.jar
7f25a19bd000-7f25a19c7000 r--s 00116000 ca:01 256876                     /usr/lib/jvm/java-8-openjdk-amd64/jre/lib/ext/localedata.jar
7f25a19c7000-7f25a1a98000 rw-p 00000000 00:00 0 
7f25a1a98000-7f25a1aa0000 rw-s 00000000 ca:01 293376                     /tmp/hsperfdata_ubuntu/938
7f25a1aa0000-7f25a1aa3000 ---p 00000000 00:00 0 
7f25a1aa3000-7f25a1ba5000 rw-p 00000000 00:00 0 
7f25a1ba5000-7f25a1ba6000 r--s 00010000 ca:01 256874                     /usr/lib/jvm/java-8-openjdk-amd64/jre/lib/ext/zipfs.jar
7f25a1ba6000-7f25a1ba7000 r--s 0000a000 ca:01 256879                     /usr/lib/jvm/java-8-openjdk-amd64/jre/lib/ext/jaccess.jar
7f25a1ba7000-7f25a1ba9000 r--s 00001000 ca:01 256873                     /usr/lib/jvm/java-8-openjdk-amd64/jre/lib/ext/dnsns.jar
7f25a1ba9000-7f25a1bab000 r--s 00008000 ca:01 256878                     /usr/lib/jvm/java-8-openjdk-amd64/jre/lib/ext/sunec.jar
7f25a1bab000-7f25a1bac000 rw-p 00000000 00:00 0 
7f25a1bac000-7f25a1bad000 r--p 00000000 00:00 0 
7f25a1bad000-7f25a1bae000 rw-p 00000000 00:00 0 
7f25a1bae000-7f25a1baf000 r--p 00025000 ca:01 1978                       /lib/x86_64-linux-gnu/ld-2.23.so
7f25a1baf000-7f25a1bb0000 rw-p 00026000 ca:01 1978                       /lib/x86_64-linux-gnu/ld-2.23.so
7f25a1bb0000-7f25a1bb1000 rw-p 00000000 00:00 0 
7ffc7503c000-7ffc7505d000 rw-p 00000000 00:00 0                          [stack]
7ffc750d1000-7ffc750d4000 r--p 00000000 00:00 0                          [vvar]
7ffc750d4000-7ffc750d6000 r-xp 00000000 00:00 0                          [vdso]
ffffffffff600000-ffffffffff601000 r-xp 00000000 00:00 0                  [vsyscall]

VM Arguments:
jvm_args: -Xmx1g 
java_command: org.apache.spark.deploy.SparkSubmit --conf spark.app.name=linear_regression_docs pyspark-shell
java_class_path (initial): /home/ubuntu/spark-2.1.1-bin-hadoop2.7/conf/:/home/ubuntu/spark-2.1.1-bin-hadoop2.7/jars/libthrift-0.9.3.jar:/home/ubuntu/spark-2.1.1-bin-hadoop2.7/jars/curator-client-2.6.0.jar:/home/ubuntu/spark-2.1.1-bin-hadoop2.7/jars/hk2-api-2.4.0-b34.jar:/home/ubuntu/spark-2.1.1-bin-hadoop2.7/jars/metrics-json-3.1.2.jar:/home/ubuntu/spark-2.1.1-bin-hadoop2.7/jars/metrics-graphite-3.1.2.jar:/home/ubuntu/spark-2.1.1-bin-hadoop2.7/jars/spire_2.11-0.7.4.jar:/home/ubuntu/spark-2.1.1-bin-hadoop2.7/jars/commons-pool-1.5.4.jar:/home/ubuntu/spark-2.1.1-bin-hadoop2.7/jars/netty-all-4.0.42.Final.jar:/home/ubuntu/spark-2.1.1-bin-hadoop2.7/jars/commons-dbcp-1.4.jar:/home/ubuntu/spark-2.1.1-bin-hadoop2.7/jars/xbean-asm5-shaded-4.4.jar:/home/ubuntu/spark-2.1.1-bin-hadoop2.7/jars/xercesImpl-2.9.1.jar:/home/ubuntu/spark-2.1.1-bin-hadoop2.7/jars/hadoop-annotations-2.7.3.jar:/home/ubuntu/spark-2.1.1-bin-hadoop2.7/jars/javassist-3.18.1-GA.jar:/home/ubuntu/spark-2.1.1-bin-hadoop2.7/jars/jersey-container-servlet-2.22.2.jar:/home/ubuntu/spark-2.1.1-bin-hadoop2.7/jars/base64-2.3.8.jar:/home/ubuntu/spark-2.1.1-bin-hadoop2.7/jars/scalap-2.11.8.jar:/home/ubuntu/spark-2.1.1-bin-hadoop2.7/jars/super-csv-2.2.0.jar:/home/ubuntu/spark-2.1.1-bin-hadoop2.7/jars/jul-to-slf4j-1.7.16.jar:/home/ubuntu/spark-2.1.1-bin-hadoop2.7/jars/hadoop-mapreduce-client-shuffle-2.7.3.jar:/home/ubuntu/spark-2.1.1-bin-hadoop2.7/jars/libfb303-0.9.3.jar:/home/ubuntu/spark-2.1.1-bin-hadoop2.7/jars/jdo-api-3.0.1.jar:/home/ubuntu/spark-2.1.1-bin-hadoop2.7/jars/jersey-guava-2.22.2.jar:/home/ubuntu/spark-2.1.1-bin-hadoop2.7/jars/arpack_combined_all-0.1.jar:/home/ubuntu/spark-2.1.1-bin-hadoop2.7/jars/scala-parser-combinators_2.11-1.0.4.jar:/home/ubuntu/spark-2.1.1-bin-hadoop2.7/jars/chill_2.11-0.8.0.jar:/home/ubuntu/spark-2.1.1-bin-hadoop2.7/jars/javax.annotation-api-1.2.jar:/home/ubuntu/spark-2.1.1-bin-hadoop2.7/jars/joda-time-2.9.3.jar:/home/ubuntu/spark-2.1.1-bin-hadoop2.7/jars/antlr-runtime-3.4.jar:/home/u
Launcher Type: SUN_STANDARD

Environment Variables:
PATH=/home/ubuntu/.local/bin:/home/ubuntu/bin:/home/ubuntu/.local/bin:/usr/local/sbin:/usr/local/bin:/usr/sbin:/usr/bin:/sbin:/bin:/usr/games:/usr/local/games:/snap/bin
SHELL=/bin/bash

Signal Handlers:
SIGSEGV: [libjvm.so+0xa71a30], sa_mask[0]=11111111011111111101111111111110, sa_flags=SA_RESTART|SA_SIGINFO
SIGBUS: [libjvm.so+0xa71a30], sa_mask[0]=11111111011111111101111111111110, sa_flags=SA_RESTART|SA_SIGINFO
SIGFPE: [libjvm.so+0x8b8f40], sa_mask[0]=11111111011111111101111111111110, sa_flags=SA_RESTART|SA_SIGINFO
SIGPIPE: [libjvm.so+0x8b8f40], sa_mask[0]=11111111011111111101111111111110, sa_flags=SA_RESTART|SA_SIGINFO
SIGXFSZ: [libjvm.so+0x8b8f40], sa_mask[0]=11111111011111111101111111111110, sa_flags=SA_RESTART|SA_SIGINFO
SIGILL: [libjvm.so+0x8b8f40], sa_mask[0]=11111111011111111101111111111110, sa_flags=SA_RESTART|SA_SIGINFO
SIGUSR1: SIG_DFL, sa_mask[0]=00000000000000000000000000000000, sa_flags=none
SIGUSR2: [libjvm.so+0x8b8df0], sa_mask[0]=00000000000000000000000000000000, sa_flags=SA_RESTART|SA_SIGINFO
SIGHUP: [libjvm.so+0x8b92c0], sa_mask[0]=11111111011111111101111111111110, sa_flags=SA_RESTART|SA_SIGINFO
SIGINT: SIG_IGN, sa_mask[0]=00000000000000000000000000000000, sa_flags=none
SIGTERM: [libjvm.so+0x8b92c0], sa_mask[0]=11111111011111111101111111111110, sa_flags=SA_RESTART|SA_SIGINFO
SIGQUIT: [libjvm.so+0x8b92c0], sa_mask[0]=11111111011111111101111111111110, sa_flags=SA_RESTART|SA_SIGINFO


---------------  S Y S T E M  ---------------

OS:DISTRIB_ID=Ubuntu
DISTRIB_RELEASE=16.04
DISTRIB_CODENAME=xenial
DISTRIB_DESCRIPTION="Ubuntu 16.04.4 LTS"

uname:Linux 4.4.0-1065-aws #75-Ubuntu SMP Fri Aug 10 11:14:32 UTC 2018 x86_64
libc:glibc 2.23 NPTL 2.23 
rlimit: STACK 8192k, CORE 0k, NPROC 3900, NOFILE 1048576, AS infinity
load average:12.79 5.48 2.20

/proc/meminfo:
MemTotal:        1014500 kB
MemFree:           49676 kB
MemAvailable:          0 kB
Buffers:             308 kB
Cached:            20064 kB
SwapCached:            0 kB
Active:           885056 kB
Inactive:          13968 kB
Active(anon):     881480 kB
Inactive(anon):    10344 kB
Active(file):       3576 kB
Inactive(file):     3624 kB
Unevictable:        3652 kB
Mlocked:            3652 kB
SwapTotal:             0 kB
SwapFree:              0 kB
Dirty:               108 kB
Writeback:             0 kB
AnonPages:        882348 kB
Mapped:             8484 kB
Shmem:             10704 kB
Slab:              37068 kB
SReclaimable:      19720 kB
SUnreclaim:        17348 kB
KernelStack:        4384 kB
PageTables:         6560 kB
NFS_Unstable:          0 kB
Bounce:                0 kB
WritebackTmp:          0 kB
CommitLimit:      507248 kB
Committed_AS:    1480036 kB
VmallocTotal:   34359738367 kB
VmallocUsed:           0 kB
VmallocChunk:          0 kB
HardwareCorrupted:     0 kB
AnonHugePages:    223232 kB
CmaTotal:              0 kB
CmaFree:               0 kB
HugePages_Total:       0
HugePages_Free:        0
HugePages_Rsvd:        0
HugePages_Surp:        0
Hugepagesize:       2048 kB
DirectMap4k:       51200 kB
DirectMap2M:      997376 kB


CPU:total 1 (initial active 1) (1 cores per cpu, 1 threads per core) family 6 model 63 stepping 2, cmov, cx8, fxsr, mmx, sse, sse2, sse3, ssse3, sse4.1, sse4.2, popcnt, avx, avx2, aes, clmul, erms, lzcnt, tsc, bmi1, bmi2

/proc/cpuinfo:
processor	: 0
vendor_id	: GenuineIntel
cpu family	: 6
model		: 63
model name	: Intel(R) Xeon(R) CPU E5-2676 v3 @ 2.40GHz
stepping	: 2
microcode	: 0x3c
cpu MHz		: 2400.064
cache size	: 30720 KB
physical id	: 0
siblings	: 1
core id		: 0
cpu cores	: 1
apicid		: 0
initial apicid	: 0
fpu		: yes
fpu_exception	: yes
cpuid level	: 13
wp		: yes
flags		: fpu vme de pse tsc msr pae mce cx8 apic sep mtrr pge mca cmov pat pse36 clflush mmx fxsr sse sse2 ht syscall nx rdtscp lm constant_tsc rep_good nopl xtopology eagerfpu pni pclmulqdq ssse3 fma cx16 pcid sse4_1 sse4_2 x2apic movbe popcnt tsc_deadline_timer aes xsave avx f16c rdrand hypervisor lahf_lm abm invpcid_single kaiser fsgsbase bmi1 avx2 smep bmi2 erms invpcid xsaveopt
bugs		: cpu_meltdown spectre_v1 spectre_v2 spec_store_bypass l1tf
bogomips	: 4800.12
clflush size	: 64
cache_alignment	: 64
address sizes	: 46 bits physical, 48 bits virtual
power management:



Memory: 4k page, physical 1014500k(49676k free), swap 0k(0k free)

vm_info: OpenJDK 64-Bit Server VM (25.181-b13) for linux-amd64 JRE (1.8.0_181-8u181-b13-0ubuntu0.16.04.1-b13), built on Jul 30 2018 21:06:27 by "buildd" with gcc 5.4.0 20160609

time: Tue Oct  9 07:20:04 2018
elapsed time: 150 seconds (0d 0h 2m 30s)

